TN:
SF:authenticate-user.js
FN:20,(anonymous_0)
FN:26,(anonymous_1)
FNF:2
FNH:2
FNDA:4,(anonymous_0)
FNDA:3,(anonymous_1)
DA:13,1
DA:14,1
DA:15,1
DA:16,1
DA:17,1
DA:20,1
DA:21,4
DA:22,4
DA:23,3
DA:24,3
DA:26,3
DA:27,3
DA:29,3
DA:31,2
DA:33,2
DA:35,1
LF:16
LH:16
BRDA:29,0,0,1
BRDA:29,0,1,2
BRDA:33,1,0,1
BRDA:33,1,1,1
BRF:4
BRH:4
end_of_record
TN:
SF:authenticate-user.spec.js
FN:12,(anonymous_0)
FN:13,(anonymous_1)
FN:17,(anonymous_2)
FN:32,(anonymous_3)
FN:34,(anonymous_4)
FN:40,(anonymous_5)
FN:42,(anonymous_6)
FN:48,(anonymous_7)
FN:50,(anonymous_8)
FN:56,(anonymous_9)
FN:67,(anonymous_10)
FNF:11
FNH:11
FNDA:1,(anonymous_0)
FNDA:1,(anonymous_1)
FNDA:4,(anonymous_2)
FNDA:1,(anonymous_3)
FNDA:1,(anonymous_4)
FNDA:1,(anonymous_5)
FNDA:1,(anonymous_6)
FNDA:1,(anonymous_7)
FNDA:1,(anonymous_8)
FNDA:1,(anonymous_9)
FNDA:4,(anonymous_10)
DA:1,1
DA:3,1
DA:5,1
DA:6,1
DA:7,1
DA:8,1
DA:9,1
DA:10,1
DA:12,1
DA:13,1
DA:17,1
DA:18,4
DA:20,4
DA:21,4
DA:22,4
DA:23,4
DA:25,4
DA:27,4
DA:29,4
DA:32,1
DA:33,1
DA:35,1
DA:36,1
DA:40,1
DA:41,1
DA:43,1
DA:44,1
DA:48,1
DA:49,1
DA:51,1
DA:52,1
DA:56,1
DA:57,1
DA:58,1
DA:60,1
DA:61,1
DA:67,4
DA:69,1
LF:38
LH:38
BRF:0
BRH:0
end_of_record
TN:
SF:aws-creat-link.js
FN:18,(anonymous_0)
FN:23,(anonymous_1)
FN:31,(anonymous_2)
FNF:3
FNH:3
FNDA:4,(anonymous_0)
FNDA:3,(anonymous_1)
FNDA:2,(anonymous_2)
DA:12,1
DA:13,1
DA:14,1
DA:15,1
DA:16,1
DA:18,1
DA:20,4
DA:21,4
DA:23,3
DA:25,3
DA:27,3
DA:31,2
DA:33,2
DA:34,1
DA:36,1
DA:37,1
DA:38,1
DA:39,1
DA:42,1
LF:19
LH:19
BRDA:27,0,0,1
BRDA:27,0,1,2
BRDA:33,1,0,1
BRDA:33,1,1,1
BRF:4
BRH:4
end_of_record
TN:
SF:aws-creat-link.spec.js
FN:13,(anonymous_0)
FN:14,(anonymous_1)
FN:16,makeid
FN:28,(anonymous_3)
FN:54,(anonymous_4)
FN:60,(anonymous_5)
FN:71,(anonymous_6)
FN:75,(anonymous_7)
FN:82,(anonymous_8)
FN:85,(anonymous_9)
FN:91,(anonymous_10)
FNF:11
FNH:11
FNDA:1,(anonymous_0)
FNDA:1,(anonymous_1)
FNDA:12,makeid
FNDA:4,(anonymous_3)
FNDA:1,(anonymous_4)
FNDA:1,(anonymous_5)
FNDA:1,(anonymous_6)
FNDA:1,(anonymous_7)
FNDA:1,(anonymous_8)
FNDA:1,(anonymous_9)
FNDA:4,(anonymous_10)
DA:1,1
DA:3,1
DA:5,1
DA:6,1
DA:7,1
DA:8,1
DA:9,1
DA:10,1
DA:11,1
DA:13,1
DA:14,1
DA:17,12
DA:18,12
DA:19,12
DA:20,12
DA:21,136
DA:23,12
DA:28,1
DA:29,4
DA:30,4
DA:33,4
DA:42,4
DA:44,4
DA:45,4
DA:46,4
DA:47,4
DA:48,4
DA:50,4
DA:51,4
DA:54,1
DA:55,1
DA:57,1
DA:60,1
DA:61,1
DA:63,1
DA:66,1
DA:67,1
DA:71,1
DA:72,1
DA:74,1
DA:76,1
DA:77,1
DA:82,1
DA:83,1
DA:84,1
DA:86,1
DA:87,1
DA:91,4
DA:93,1
LF:49
LH:49
BRF:0
BRH:0
end_of_record
TN:
SF:cart-add.js
FN:18,(anonymous_0)
FN:23,(anonymous_1)
FN:37,(anonymous_2)
FNF:3
FNH:2
FNDA:5,(anonymous_0)
FNDA:3,(anonymous_1)
FNDA:0,(anonymous_2)
DA:12,1
DA:13,1
DA:14,1
DA:15,1
DA:18,1
DA:20,5
DA:21,4
DA:23,3
DA:27,3
DA:29,3
DA:31,2
DA:33,2
DA:37,1
DA:38,1
DA:40,1
DA:42,1
DA:45,0
LF:17
LH:16
BRDA:29,0,0,1
BRDA:29,0,1,2
BRDA:33,1,0,1
BRDA:33,1,1,1
BRDA:37,2,0,1
BRDA:37,2,1,0
BRF:6
BRH:5
end_of_record
TN:
SF:cart-add.spec.js
FN:10,(anonymous_0)
FN:11,(anonymous_1)
FN:13,makeid
FN:25,(anonymous_3)
FN:44,(anonymous_4)
FN:59,(anonymous_5)
FN:64,(anonymous_6)
FN:70,(anonymous_7)
FN:75,(anonymous_8)
FN:81,(anonymous_9)
FN:91,(anonymous_10)
FN:101,(anonymous_11)
FNF:12
FNH:12
FNDA:1,(anonymous_0)
FNDA:1,(anonymous_1)
FNDA:20,makeid
FNDA:5,(anonymous_3)
FNDA:1,(anonymous_4)
FNDA:1,(anonymous_5)
FNDA:1,(anonymous_6)
FNDA:1,(anonymous_7)
FNDA:1,(anonymous_8)
FNDA:1,(anonymous_9)
FNDA:1,(anonymous_10)
FNDA:5,(anonymous_11)
DA:1,1
DA:3,1
DA:5,1
DA:6,1
DA:7,1
DA:8,1
DA:10,1
DA:11,1
DA:14,20
DA:15,20
DA:16,20
DA:17,20
DA:18,195
DA:20,20
DA:25,1
DA:26,5
DA:27,5
DA:29,5
DA:31,5
DA:33,5
DA:41,5
DA:44,1
DA:46,1
DA:48,1
DA:50,1
DA:52,1
DA:54,1
DA:56,1
DA:59,1
DA:61,1
DA:63,1
DA:65,1
DA:66,1
DA:70,1
DA:72,1
DA:74,1
DA:76,1
DA:77,1
DA:81,1
DA:83,1
DA:84,1
DA:86,1
DA:87,1
DA:91,1
DA:93,1
DA:94,1
DA:96,1
DA:97,1
DA:101,5
DA:103,1
LF:50
LH:50
BRF:0
BRH:0
end_of_record
TN:
SF:cart-creat.js
FN:17,(anonymous_0)
FN:19,(anonymous_1)
FNF:2
FNH:2
FNDA:3,(anonymous_0)
FNDA:3,(anonymous_1)
DA:11,1
DA:12,1
DA:13,1
DA:14,1
DA:17,1
DA:19,3
DA:20,3
DA:22,3
DA:24,2
DA:26,2
LF:10
LH:10
BRDA:22,0,0,1
BRDA:22,0,1,2
BRF:2
BRH:2
end_of_record
TN:
SF:cart-creat.spec.js
FN:13,(anonymous_0)
FN:14,(anonymous_1)
FN:18,(anonymous_2)
FN:27,(anonymous_3)
FN:32,(anonymous_4)
FN:49,(anonymous_5)
FN:50,(anonymous_6)
FN:51,(anonymous_7)
FN:53,(anonymous_8)
FN:66,(anonymous_9)
FNF:10
FNH:10
FNDA:1,(anonymous_0)
FNDA:1,(anonymous_1)
FNDA:2,(anonymous_2)
FNDA:2,(anonymous_3)
FNDA:1,(anonymous_4)
FNDA:1,(anonymous_5)
FNDA:1,(anonymous_6)
FNDA:1,(anonymous_7)
FNDA:1,(anonymous_8)
FNDA:2,(anonymous_9)
DA:1,1
DA:3,1
DA:5,1
DA:6,1
DA:7,1
DA:8,1
DA:9,1
DA:10,1
DA:11,1
DA:13,1
DA:14,1
DA:18,1
DA:19,2
DA:20,2
DA:22,2
DA:23,2
DA:24,2
DA:25,2
DA:27,2
DA:28,2
DA:32,1
DA:34,1
DA:36,1
DA:38,1
DA:40,1
DA:42,1
DA:44,1
DA:45,1
DA:46,1
DA:49,1
DA:50,1
DA:51,1
DA:52,1
DA:54,1
DA:55,1
DA:58,1
DA:60,1
DA:62,1
DA:66,2
DA:68,1
LF:40
LH:40
BRF:0
BRH:0
end_of_record
TN:
SF:cart-delete.js
FN:18,(anonymous_0)
FN:22,(anonymous_1)
FNF:2
FNH:2
FNDA:3,(anonymous_0)
FNDA:2,(anonymous_1)
DA:11,1
DA:12,1
DA:13,1
DA:14,1
DA:15,1
DA:18,1
DA:20,3
DA:22,2
DA:24,2
DA:26,2
DA:30,1
DA:32,1
DA:34,1
LF:13
LH:13
BRDA:26,0,0,1
BRDA:26,0,1,1
BRF:2
BRH:2
end_of_record
TN:
SF:cart-delete.spec.js
FN:10,(anonymous_0)
FN:11,(anonymous_1)
FN:13,makeid
FN:26,(anonymous_3)
FN:50,(anonymous_4)
FN:80,(anonymous_5)
FN:85,(anonymous_6)
FN:91,(anonymous_7)
FN:101,(anonymous_8)
FNF:9
FNH:9
FNDA:1,(anonymous_0)
FNDA:1,(anonymous_1)
FNDA:36,makeid
FNDA:3,(anonymous_3)
FNDA:1,(anonymous_4)
FNDA:1,(anonymous_5)
FNDA:1,(anonymous_6)
FNDA:1,(anonymous_7)
FNDA:3,(anonymous_8)
DA:1,1
DA:3,1
DA:5,1
DA:6,1
DA:7,1
DA:8,1
DA:10,1
DA:11,1
DA:14,36
DA:15,36
DA:16,36
DA:17,36
DA:18,351
DA:20,36
DA:24,1
DA:26,1
DA:27,3
DA:28,3
DA:30,3
DA:32,3
DA:34,3
DA:35,9
DA:42,9
DA:43,9
DA:44,9
DA:45,9
DA:50,1
DA:52,1
DA:56,1
DA:58,1
DA:60,1
DA:62,1
DA:64,1
DA:68,1
DA:70,1
DA:72,1
DA:74,1
DA:76,1
DA:80,1
DA:82,1
DA:84,1
DA:86,1
DA:87,1
DA:91,1
DA:93,1
DA:94,1
DA:96,1
DA:97,1
DA:101,3
DA:103,1
LF:50
LH:50
BRF:0
BRH:0
end_of_record
TN:
SF:cart-remove.js
FN:18,(anonymous_0)
FN:23,(anonymous_1)
FN:35,(anonymous_2)
FNF:3
FNH:3
FNDA:7,(anonymous_0)
FNDA:5,(anonymous_1)
FNDA:6,(anonymous_2)
DA:12,1
DA:13,1
DA:14,1
DA:15,1
DA:18,1
DA:20,7
DA:21,6
DA:23,5
DA:25,5
DA:27,5
DA:29,4
DA:31,4
DA:35,3
DA:36,6
DA:39,3
DA:40,2
DA:41,2
DA:42,2
DA:44,1
LF:19
LH:19
BRDA:27,0,0,1
BRDA:27,0,1,4
BRDA:31,1,0,1
BRDA:31,1,1,3
BRDA:39,2,0,2
BRDA:39,2,1,1
BRF:6
BRH:6
end_of_record
TN:
SF:cart-remove.spec.js
FN:10,(anonymous_0)
FN:11,(anonymous_1)
FN:13,makeid
FN:26,(anonymous_3)
FN:50,(anonymous_4)
FN:84,(anonymous_5)
FN:105,(anonymous_6)
FN:112,(anonymous_7)
FN:117,(anonymous_8)
FN:123,(anonymous_9)
FN:128,(anonymous_10)
FN:134,(anonymous_11)
FN:144,(anonymous_12)
FN:154,(anonymous_13)
FNF:14
FNH:14
FNDA:1,(anonymous_0)
FNDA:1,(anonymous_1)
FNDA:72,makeid
FNDA:6,(anonymous_3)
FNDA:1,(anonymous_4)
FNDA:1,(anonymous_5)
FNDA:1,(anonymous_6)
FNDA:1,(anonymous_7)
FNDA:1,(anonymous_8)
FNDA:1,(anonymous_9)
FNDA:1,(anonymous_10)
FNDA:1,(anonymous_11)
FNDA:1,(anonymous_12)
FNDA:6,(anonymous_13)
DA:1,1
DA:3,1
DA:5,1
DA:6,1
DA:7,1
DA:8,1
DA:10,1
DA:11,1
DA:14,72
DA:15,72
DA:16,72
DA:17,72
DA:18,702
DA:20,72
DA:24,1
DA:26,1
DA:27,6
DA:28,6
DA:30,6
DA:32,6
DA:34,6
DA:35,18
DA:42,18
DA:43,18
DA:44,18
DA:45,18
DA:50,1
DA:52,1
DA:56,1
DA:58,1
DA:60,1
DA:62,1
DA:64,1
DA:68,1
DA:70,1
DA:72,1
DA:74,1
DA:76,1
DA:78,1
DA:80,1
DA:84,1
DA:86,1
DA:90,1
DA:92,1
DA:94,1
DA:96,1
DA:98,1
DA:102,1
DA:104,1
DA:106,1
DA:107,1
DA:112,1
DA:114,1
DA:116,1
DA:118,1
DA:119,1
DA:123,1
DA:125,1
DA:127,1
DA:129,1
DA:130,1
DA:134,1
DA:136,1
DA:137,1
DA:139,1
DA:140,1
DA:144,1
DA:146,1
DA:147,1
DA:149,1
DA:150,1
DA:154,6
DA:156,1
LF:73
LH:73
BRF:0
BRH:0
end_of_record
TN:
SF:cart-retrieve.js
FN:15,(anonymous_0)
FN:19,(anonymous_1)
FNF:2
FNH:2
FNDA:3,(anonymous_0)
FNDA:2,(anonymous_1)
DA:10,1
DA:12,1
DA:13,1
DA:15,1
DA:17,3
DA:19,2
DA:23,2
DA:25,2
DA:27,1
LF:9
LH:9
BRDA:25,0,0,1
BRDA:25,0,1,1
BRF:2
BRH:2
end_of_record
TN:
SF:cart-retrieve.spec.js
FN:10,(anonymous_0)
FN:11,(anonymous_1)
FN:13,makeid
FN:26,(anonymous_3)
FN:62,(anonymous_4)
FN:64,(anonymous_5)
FN:70,(anonymous_6)
FN:75,(anonymous_7)
FN:81,(anonymous_8)
FN:91,(anonymous_9)
FNF:10
FNH:10
FNDA:1,(anonymous_0)
FNDA:1,(anonymous_1)
FNDA:45,makeid
FNDA:3,(anonymous_3)
FNDA:1,(anonymous_4)
FNDA:1,(anonymous_5)
FNDA:1,(anonymous_6)
FNDA:1,(anonymous_7)
FNDA:1,(anonymous_8)
FNDA:3,(anonymous_9)
DA:1,1
DA:3,1
DA:5,1
DA:6,1
DA:7,1
DA:8,1
DA:10,1
DA:11,1
DA:14,45
DA:15,45
DA:16,45
DA:17,45
DA:18,486
DA:20,45
DA:24,1
DA:26,1
DA:27,3
DA:28,3
DA:30,3
DA:32,3
DA:34,3
DA:35,9
DA:42,9
DA:50,9
DA:52,9
DA:54,9
DA:55,9
DA:57,9
DA:62,1
DA:63,1
DA:65,1
DA:70,1
DA:72,1
DA:74,1
DA:76,1
DA:77,1
DA:81,1
DA:83,1
DA:84,1
DA:86,1
DA:87,1
DA:91,3
DA:93,1
LF:43
LH:43
BRF:0
BRH:0
end_of_record
TN:
SF:creat-random-products.js
FN:6,makeid
FN:17,(anonymous_1)
FN:21,(anonymous_2)
FNF:3
FNH:3
FNDA:40,makeid
FNDA:1,(anonymous_1)
FNDA:1,(anonymous_2)
DA:1,1
DA:2,1
DA:3,1
DA:4,1
DA:7,40
DA:8,40
DA:9,40
DA:10,40
DA:11,390
DA:13,40
DA:17,1
DA:19,1
DA:21,1
DA:22,1
DA:23,10
DA:40,10
LF:16
LH:16
BRF:0
BRH:0
end_of_record
TN:
SF:creat-random-products.spec.js
FN:13,(anonymous_0)
FN:14,(anonymous_1)
FN:16,(anonymous_2)
FNF:3
FNH:3
FNDA:1,(anonymous_0)
FNDA:1,(anonymous_1)
FNDA:1,(anonymous_2)
DA:1,1
DA:3,1
DA:5,1
DA:6,1
DA:7,1
DA:8,1
DA:9,1
DA:10,1
DA:11,1
DA:13,1
DA:14,1
DA:16,1
DA:18,1
DA:19,1
DA:22,1
LF:15
LH:15
BRF:0
BRH:0
end_of_record
TN:
SF:product-category-search.spec.js
FNF:0
FNH:0
LF:0
LH:0
BRF:0
BRH:0
end_of_record
TN:
SF:product-quey-search.spec.js
FNF:0
FNH:0
LF:0
LH:0
BRF:0
BRH:0
end_of_record
TN:
SF:product-retrieve.js
FN:14,(anonymous_0)
FN:18,(anonymous_1)
FNF:2
FNH:2
FNDA:3,(anonymous_0)
FNDA:2,(anonymous_1)
DA:10,1
DA:11,1
DA:12,1
DA:14,1
DA:16,3
DA:18,2
DA:20,2
DA:22,2
DA:24,1
DA:25,1
DA:27,0
LF:11
LH:10
BRDA:22,0,0,1
BRDA:22,0,1,1
BRF:2
BRH:2
end_of_record
TN:
SF:product-retrieve.spec.js
FN:11,(anonymous_0)
FN:12,(anonymous_1)
FN:14,makeid
FN:26,(anonymous_3)
FN:53,(anonymous_4)
FN:55,(anonymous_5)
FN:61,(anonymous_6)
FN:66,(anonymous_7)
FN:72,(anonymous_8)
FN:82,(anonymous_9)
FNF:10
FNH:9
FNDA:1,(anonymous_0)
FNDA:1,(anonymous_1)
FNDA:45,makeid
FNDA:3,(anonymous_3)
FNDA:1,(anonymous_4)
FNDA:0,(anonymous_5)
FNDA:1,(anonymous_6)
FNDA:1,(anonymous_7)
FNDA:1,(anonymous_8)
FNDA:3,(anonymous_9)
DA:1,1
DA:3,1
DA:5,1
DA:6,1
DA:7,1
DA:8,1
DA:9,1
DA:11,1
DA:12,1
DA:15,45
DA:16,45
DA:17,45
DA:18,45
DA:19,486
DA:21,45
DA:24,1
DA:26,1
DA:27,3
DA:29,3
DA:30,9
DA:37,9
DA:45,9
DA:47,9
DA:53,1
DA:54,1
DA:56,0
DA:61,1
DA:63,1
DA:65,1
DA:67,1
DA:68,1
DA:72,1
DA:74,1
DA:75,1
DA:77,1
DA:78,1
DA:82,3
DA:84,1
LF:38
LH:37
BRF:0
BRH:0
end_of_record
TN:
SF:rating-add.js
FN:19,(anonymous_0)
FN:26,(anonymous_1)
FNF:2
FNH:2
FNDA:6,(anonymous_0)
FNDA:4,(anonymous_1)
DA:14,1
DA:15,1
DA:16,1
DA:17,1
DA:19,1
DA:21,6
DA:22,6
DA:23,6
DA:24,5
DA:26,4
DA:27,4
DA:28,4
DA:30,4
DA:34,3
DA:35,1
DA:36,1
DA:37,1
DA:38,1
DA:39,1
DA:40,1
DA:41,1
DA:45,3
DA:46,2
DA:54,2
DA:57,3
LF:25
LH:25
BRDA:30,0,0,1
BRDA:30,0,1,3
BRDA:35,1,0,1
BRDA:35,1,1,0
BRDA:45,2,0,2
BRDA:45,2,1,1
BRF:6
BRH:5
end_of_record
TN:
SF:rating-add.spec.js
FN:11,(anonymous_0)
FN:12,(anonymous_1)
FN:14,makeid
FN:26,(anonymous_3)
FN:48,(anonymous_4)
FN:49,(anonymous_5)
FN:56,(anonymous_6)
FN:78,(anonymous_7)
FN:107,(anonymous_8)
FN:125,(anonymous_9)
FN:145,(anonymous_10)
FN:147,(anonymous_11)
FN:150,(anonymous_12)
FN:152,(anonymous_13)
FN:159,(anonymous_14)
FNF:15
FNH:15
FNDA:1,(anonymous_0)
FNDA:1,(anonymous_1)
FNDA:25,makeid
FNDA:5,(anonymous_3)
FNDA:1,(anonymous_4)
FNDA:4,(anonymous_5)
FNDA:1,(anonymous_6)
FNDA:1,(anonymous_7)
FNDA:1,(anonymous_8)
FNDA:1,(anonymous_9)
FNDA:1,(anonymous_10)
FNDA:1,(anonymous_11)
FNDA:1,(anonymous_12)
FNDA:1,(anonymous_13)
FNDA:5,(anonymous_14)
DA:1,1
DA:3,1
DA:5,1
DA:6,1
DA:7,1
DA:8,1
DA:9,1
DA:11,1
DA:12,1
DA:15,25
DA:16,25
DA:17,25
DA:18,25
DA:19,295
DA:21,25
DA:26,1
DA:27,5
DA:28,5
DA:30,5
DA:31,5
DA:32,5
DA:33,5
DA:35,5
DA:36,5
DA:38,5
DA:48,1
DA:49,1
DA:50,4
DA:51,4
DA:52,4
DA:53,4
DA:56,1
DA:60,1
DA:61,1
DA:62,1
DA:63,1
DA:65,1
DA:69,1
DA:70,1
DA:71,1
DA:72,1
DA:73,1
DA:74,1
DA:75,1
DA:78,1
DA:82,1
DA:86,1
DA:87,1
DA:88,1
DA:89,1
DA:90,1
DA:91,1
DA:92,1
DA:94,1
DA:98,1
DA:99,1
DA:100,1
DA:101,1
DA:102,1
DA:103,1
DA:104,1
DA:107,1
DA:111,1
DA:112,1
DA:113,1
DA:114,1
DA:116,1
DA:117,1
DA:119,1
DA:120,1
DA:125,1
DA:129,1
DA:130,1
DA:131,1
DA:132,1
DA:134,1
DA:135,1
DA:137,1
DA:138,1
DA:145,1
DA:147,1
DA:148,1
DA:150,1
DA:151,1
DA:153,1
DA:154,1
DA:159,5
DA:161,1
LF:88
LH:88
BRF:0
BRH:0
end_of_record
TN:
SF:register-user.js
FN:21,(anonymous_0)
FN:29,(anonymous_1)
FNF:2
FNH:2
FNDA:4,(anonymous_0)
FNDA:2,(anonymous_1)
DA:1,1
DA:2,1
DA:3,1
DA:4,1
DA:5,1
DA:6,1
DA:21,1
DA:22,4
DA:23,3
DA:24,3
DA:25,3
DA:26,3
DA:27,3
DA:29,2
DA:31,2
DA:33,2
DA:35,1
DA:37,1
DA:40,1
DA:42,1
DA:46,0
DA:50,1
LF:22
LH:21
BRDA:33,0,0,1
BRDA:33,0,1,1
BRF:2
BRH:2
end_of_record
TN:
SF:register-user.spec.js
FN:12,(anonymous_0)
FN:13,(anonymous_1)
FN:17,(anonymous_2)
FN:27,(anonymous_3)
FN:52,(anonymous_4)
FN:62,(anonymous_5)
FN:75,(anonymous_6)
FN:76,(anonymous_7)
FN:78,(anonymous_8)
FN:91,(anonymous_9)
FNF:10
FNH:10
FNDA:1,(anonymous_0)
FNDA:1,(anonymous_1)
FNDA:4,(anonymous_2)
FNDA:1,(anonymous_3)
FNDA:1,(anonymous_4)
FNDA:1,(anonymous_5)
FNDA:1,(anonymous_6)
FNDA:1,(anonymous_7)
FNDA:1,(anonymous_8)
FNDA:4,(anonymous_9)
DA:1,1
DA:3,1
DA:5,1
DA:6,1
DA:7,1
DA:8,1
DA:9,1
DA:10,1
DA:12,1
DA:13,1
DA:17,1
DA:18,4
DA:19,4
DA:21,4
DA:22,4
DA:23,4
DA:24,4
DA:27,1
DA:28,1
DA:30,1
DA:32,1
DA:34,1
DA:36,1
DA:38,1
DA:39,1
DA:40,1
DA:41,1
DA:43,1
DA:45,1
DA:47,1
DA:49,1
DA:52,1
DA:53,1
DA:55,1
DA:58,1
DA:59,1
DA:62,1
DA:63,1
DA:65,1
DA:68,1
DA:69,1
DA:75,1
DA:76,1
DA:78,1
DA:79,1
DA:80,1
DA:83,1
DA:85,1
DA:86,1
DA:91,4
DA:93,1
LF:51
LH:51
BRF:0
BRH:0
end_of_record
TN:
SF:retrieve-user.js
FN:15,(anonymous_0)
FN:19,(anonymous_1)
FNF:2
FNH:2
FNDA:2,(anonymous_0)
FNDA:2,(anonymous_1)
DA:10,1
DA:11,1
DA:12,1
DA:13,1
DA:15,1
DA:17,2
DA:19,2
DA:23,2
DA:25,2
DA:27,1
LF:10
LH:10
BRDA:25,0,0,1
BRDA:25,0,1,1
BRF:2
BRH:2
end_of_record
TN:
SF:retrieve-user.spec.js
FN:12,(anonymous_0)
FN:13,(anonymous_1)
FN:18,(anonymous_2)
FN:33,(anonymous_3)
FN:42,(anonymous_4)
FN:45,(anonymous_5)
FN:56,(anonymous_6)
FNF:7
FNH:7
FNDA:1,(anonymous_0)
FNDA:1,(anonymous_1)
FNDA:2,(anonymous_2)
FNDA:1,(anonymous_3)
FNDA:1,(anonymous_4)
FNDA:1,(anonymous_5)
FNDA:2,(anonymous_6)
DA:1,1
DA:3,1
DA:5,1
DA:6,1
DA:7,1
DA:8,1
DA:9,1
DA:10,1
DA:12,1
DA:13,1
DA:15,1
DA:18,1
DA:19,2
DA:21,2
DA:22,2
DA:23,2
DA:24,2
DA:26,2
DA:28,2
DA:30,2
DA:33,1
DA:34,1
DA:36,1
DA:37,1
DA:38,1
DA:39,1
DA:42,1
DA:43,1
DA:46,1
DA:49,1
DA:56,2
DA:58,1
LF:32
LH:32
BRF:0
BRH:0
end_of_record
TN:
SF:update-user.js
FN:19,(anonymous_0)
FN:23,(anonymous_1)
FNF:2
FNH:2
FNDA:5,(anonymous_0)
FNDA:5,(anonymous_1)
DA:12,1
DA:13,1
DA:14,1
DA:15,1
DA:19,1
DA:21,5
DA:23,5
DA:25,5
DA:27,5
DA:28,5
DA:30,4
DA:31,5
DA:32,5
DA:33,328
DA:34,4
DA:36,2
DA:37,1
DA:40,1
DA:41,1
DA:44,1
DA:45,1
DA:46,0
DA:48,2
DA:49,2
DA:52,3
DA:53,1
DA:56,1
LF:27
LH:26
BRDA:28,0,0,1
BRDA:28,0,1,4
BRDA:33,1,0,4
BRDA:33,1,1,324
BRDA:34,2,0,2
BRDA:34,2,1,1
BRDA:34,2,2,1
BRDA:52,3,0,1
BRDA:52,3,1,2
BRF:9
BRH:9
end_of_record
TN:
SF:update-user.spec.js
FN:11,(anonymous_0)
FN:12,(anonymous_1)
FN:16,(anonymous_2)
FN:34,(anonymous_3)
FN:35,(anonymous_4)
FN:40,(anonymous_5)
FN:61,(anonymous_6)
FN:77,(anonymous_7)
FN:83,(anonymous_8)
FN:98,(anonymous_9)
FN:104,(anonymous_10)
FN:119,(anonymous_11)
FN:127,(anonymous_12)
FN:129,(anonymous_13)
FN:132,(anonymous_14)
FN:134,(anonymous_15)
FN:141,(anonymous_16)
FNF:17
FNH:17
FNDA:1,(anonymous_0)
FNDA:1,(anonymous_1)
FNDA:5,(anonymous_2)
FNDA:1,(anonymous_3)
FNDA:4,(anonymous_4)
FNDA:1,(anonymous_5)
FNDA:1,(anonymous_6)
FNDA:1,(anonymous_7)
FNDA:1,(anonymous_8)
FNDA:1,(anonymous_9)
FNDA:1,(anonymous_10)
FNDA:1,(anonymous_11)
FNDA:1,(anonymous_12)
FNDA:1,(anonymous_13)
FNDA:1,(anonymous_14)
FNDA:1,(anonymous_15)
FNDA:5,(anonymous_16)
DA:1,1
DA:3,1
DA:5,1
DA:6,1
DA:7,1
DA:8,1
DA:9,1
DA:11,1
DA:12,1
DA:16,1
DA:17,5
DA:19,5
DA:20,5
DA:21,5
DA:22,5
DA:24,5
DA:25,5
DA:27,5
DA:34,1
DA:35,1
DA:36,4
DA:37,4
DA:40,1
DA:44,1
DA:45,1
DA:46,1
DA:47,1
DA:48,1
DA:50,1
DA:54,1
DA:55,1
DA:56,1
DA:57,1
DA:58,1
DA:61,1
DA:63,1
DA:70,1
DA:71,1
DA:72,1
DA:73,1
DA:74,1
DA:76,1
DA:78,1
DA:79,1
DA:83,1
DA:85,1
DA:91,1
DA:92,1
DA:93,1
DA:94,1
DA:95,1
DA:97,1
DA:99,1
DA:100,1
DA:104,1
DA:106,1
DA:112,1
DA:113,1
DA:114,1
DA:115,1
DA:116,1
DA:118,1
DA:120,1
DA:121,1
DA:127,1
DA:129,1
DA:130,1
DA:132,1
DA:133,1
DA:135,1
DA:136,1
DA:141,5
DA:143,1
LF:73
LH:73
BRF:0
BRH:0
end_of_record
