{"C:\\Users\\polpe\\Desktop\\escritorio\\work\\Project-ZeroXVisuals\\API\\ZeroXVisuals-server-logic\\authenticate-user.spec.js":{"path":"C:\\Users\\polpe\\Desktop\\escritorio\\work\\Project-ZeroXVisuals\\API\\ZeroXVisuals-server-logic\\authenticate-user.spec.js","statementMap":{"0":{"start":{"line":1,"column":0},"end":{"line":1,"column":26}},"1":{"start":{"line":3,"column":51},"end":{"line":3,"column":58}},"2":{"start":{"line":5,"column":21},"end":{"line":5,"column":51}},"3":{"start":{"line":6,"column":19},"end":{"line":6,"column":23}},"4":{"start":{"line":7,"column":19},"end":{"line":7,"column":34}},"5":{"start":{"line":8,"column":0},"end":{"line":8,"column":46}},"6":{"start":{"line":9,"column":39},"end":{"line":9,"column":67}},"7":{"start":{"line":10,"column":15},"end":{"line":10,"column":34}},"8":{"start":{"line":12,"column":0},"end":{"line":70,"column":2}},"9":{"start":{"line":13,"column":4},"end":{"line":13,"column":47}},"10":{"start":{"line":13,"column":17},"end":{"line":13,"column":46}},"11":{"start":{"line":17,"column":4},"end":{"line":30,"column":6}},"12":{"start":{"line":18,"column":8},"end":{"line":18,"column":31}},"13":{"start":{"line":20,"column":8},"end":{"line":20,"column":33}},"14":{"start":{"line":21,"column":8},"end":{"line":21,"column":39}},"15":{"start":{"line":22,"column":8},"end":{"line":22,"column":40}},"16":{"start":{"line":23,"column":8},"end":{"line":23,"column":65}},"17":{"start":{"line":25,"column":21},"end":{"line":25,"column":52}},"18":{"start":{"line":27,"column":21},"end":{"line":27,"column":78}},"19":{"start":{"line":29,"column":8},"end":{"line":29,"column":24}},"20":{"start":{"line":32,"column":4},"end":{"line":38,"column":6}},"21":{"start":{"line":33,"column":8},"end":{"line":37,"column":14}},"22":{"start":{"line":35,"column":16},"end":{"line":35,"column":40}},"23":{"start":{"line":36,"column":16},"end":{"line":36,"column":48}},"24":{"start":{"line":40,"column":4},"end":{"line":46,"column":6}},"25":{"start":{"line":41,"column":8},"end":{"line":45,"column":14}},"26":{"start":{"line":43,"column":16},"end":{"line":43,"column":38}},"27":{"start":{"line":44,"column":16},"end":{"line":44,"column":73}},"28":{"start":{"line":48,"column":4},"end":{"line":54,"column":7}},"29":{"start":{"line":49,"column":8},"end":{"line":53,"column":14}},"30":{"start":{"line":51,"column":16},"end":{"line":51,"column":38}},"31":{"start":{"line":52,"column":16},"end":{"line":52,"column":73}},"32":{"start":{"line":56,"column":4},"end":{"line":63,"column":6}},"33":{"start":{"line":57,"column":7},"end":{"line":62,"column":8}},"34":{"start":{"line":58,"column":11},"end":{"line":58,"column":48}},"35":{"start":{"line":60,"column":12},"end":{"line":60,"column":34}},"36":{"start":{"line":61,"column":12},"end":{"line":61,"column":68}},"37":{"start":{"line":67,"column":4},"end":{"line":67,"column":38}},"38":{"start":{"line":67,"column":20},"end":{"line":67,"column":37}},"39":{"start":{"line":69,"column":4},"end":{"line":69,"column":30}}},"fnMap":{"0":{"name":"(anonymous_0)","decl":{"start":{"line":12,"column":38},"end":{"line":12,"column":39}},"loc":{"start":{"line":12,"column":44},"end":{"line":70,"column":1}},"line":12},"1":{"name":"(anonymous_1)","decl":{"start":{"line":13,"column":11},"end":{"line":13,"column":12}},"loc":{"start":{"line":13,"column":17},"end":{"line":13,"column":46}},"line":13},"2":{"name":"(anonymous_2)","decl":{"start":{"line":17,"column":15},"end":{"line":17,"column":16}},"loc":{"start":{"line":17,"column":27},"end":{"line":30,"column":5}},"line":17},"3":{"name":"(anonymous_3)","decl":{"start":{"line":32,"column":57},"end":{"line":32,"column":58}},"loc":{"start":{"line":32,"column":69},"end":{"line":38,"column":5}},"line":32},"4":{"name":"(anonymous_4)","decl":{"start":{"line":34,"column":18},"end":{"line":34,"column":19}},"loc":{"start":{"line":34,"column":31},"end":{"line":37,"column":13}},"line":34},"5":{"name":"(anonymous_5)","decl":{"start":{"line":40,"column":40},"end":{"line":40,"column":41}},"loc":{"start":{"line":40,"column":52},"end":{"line":46,"column":5}},"line":40},"6":{"name":"(anonymous_6)","decl":{"start":{"line":42,"column":19},"end":{"line":42,"column":20}},"loc":{"start":{"line":42,"column":30},"end":{"line":45,"column":13}},"line":42},"7":{"name":"(anonymous_7)","decl":{"start":{"line":48,"column":37},"end":{"line":48,"column":38}},"loc":{"start":{"line":48,"column":49},"end":{"line":54,"column":6}},"line":48},"8":{"name":"(anonymous_8)","decl":{"start":{"line":50,"column":19},"end":{"line":50,"column":20}},"loc":{"start":{"line":50,"column":30},"end":{"line":53,"column":13}},"line":50},"9":{"name":"(anonymous_9)","decl":{"start":{"line":56,"column":39},"end":{"line":56,"column":40}},"loc":{"start":{"line":56,"column":51},"end":{"line":63,"column":5}},"line":56},"10":{"name":"(anonymous_10)","decl":{"start":{"line":67,"column":14},"end":{"line":67,"column":15}},"loc":{"start":{"line":67,"column":20},"end":{"line":67,"column":37}},"line":67}},"branchMap":{},"s":{"0":1,"1":1,"2":1,"3":1,"4":1,"5":1,"6":1,"7":1,"8":1,"9":1,"10":1,"11":1,"12":4,"13":4,"14":4,"15":4,"16":4,"17":4,"18":4,"19":4,"20":1,"21":1,"22":1,"23":1,"24":1,"25":1,"26":1,"27":1,"28":1,"29":1,"30":1,"31":1,"32":1,"33":1,"34":1,"35":1,"36":1,"37":1,"38":4,"39":1},"f":{"0":1,"1":1,"2":4,"3":1,"4":1,"5":1,"6":1,"7":1,"8":1,"9":1,"10":4},"b":{},"_coverageSchema":"1a1c01bbd47fc00a2c39e90264f33305004495a9","hash":"6e230ae7b8a8b27652fcb29c0d760e83c4843090","contentHash":"7d514c6a3028369536234777a9b5038018c63bf1b817a959d4c6877586d9ee94"},"C:\\Users\\polpe\\Desktop\\escritorio\\work\\Project-ZeroXVisuals\\API\\ZeroXVisuals-server-logic\\authenticate-user.js":{"path":"C:\\Users\\polpe\\Desktop\\escritorio\\work\\Project-ZeroXVisuals\\API\\ZeroXVisuals-server-logic\\authenticate-user.js","statementMap":{"0":{"start":{"line":13,"column":0},"end":{"line":13,"column":48}},"1":{"start":{"line":14,"column":0},"end":{"line":14,"column":46}},"2":{"start":{"line":15,"column":59},"end":{"line":15,"column":90}},"3":{"start":{"line":16,"column":29},"end":{"line":16,"column":57}},"4":{"start":{"line":17,"column":15},"end":{"line":17,"column":34}},"5":{"start":{"line":20,"column":0},"end":{"line":37,"column":1}},"6":{"start":{"line":21,"column":4},"end":{"line":21,"column":34}},"7":{"start":{"line":22,"column":4},"end":{"line":22,"column":25}},"8":{"start":{"line":23,"column":4},"end":{"line":23,"column":37}},"9":{"start":{"line":24,"column":15},"end":{"line":24,"column":19}},"10":{"start":{"line":26,"column":4},"end":{"line":36,"column":8}},"11":{"start":{"line":27,"column":8},"end":{"line":27,"column":44}},"12":{"start":{"line":29,"column":8},"end":{"line":29,"column":72}},"13":{"start":{"line":29,"column":19},"end":{"line":29,"column":72}},"14":{"start":{"line":31,"column":21},"end":{"line":31,"column":66}},"15":{"start":{"line":33,"column":8},"end":{"line":33,"column":72}},"16":{"start":{"line":33,"column":19},"end":{"line":33,"column":72}},"17":{"start":{"line":35,"column":8},"end":{"line":35,"column":22}}},"fnMap":{"0":{"name":"(anonymous_0)","decl":{"start":{"line":20,"column":17},"end":{"line":20,"column":18}},"loc":{"start":{"line":20,"column":38},"end":{"line":37,"column":1}},"line":20},"1":{"name":"(anonymous_1)","decl":{"start":{"line":26,"column":12},"end":{"line":26,"column":13}},"loc":{"start":{"line":26,"column":24},"end":{"line":36,"column":5}},"line":26}},"branchMap":{"0":{"loc":{"start":{"line":29,"column":8},"end":{"line":29,"column":72}},"type":"if","locations":[{"start":{"line":29,"column":8},"end":{"line":29,"column":72}},{"start":{"line":29,"column":8},"end":{"line":29,"column":72}}],"line":29},"1":{"loc":{"start":{"line":33,"column":8},"end":{"line":33,"column":72}},"type":"if","locations":[{"start":{"line":33,"column":8},"end":{"line":33,"column":72}},{"start":{"line":33,"column":8},"end":{"line":33,"column":72}}],"line":33}},"s":{"0":1,"1":1,"2":1,"3":1,"4":1,"5":1,"6":4,"7":4,"8":3,"9":3,"10":3,"11":3,"12":3,"13":1,"14":2,"15":2,"16":1,"17":1},"f":{"0":4,"1":3},"b":{"0":[1,2],"1":[1,1]},"_coverageSchema":"1a1c01bbd47fc00a2c39e90264f33305004495a9","hash":"c48622e637c5fcb4c61731a3474df07a38e17d76","contentHash":"4454b8012b943be234af657d9b8ba09f42c909e5ee6d644f41f0ddd11451236f"},"C:\\Users\\polpe\\Desktop\\escritorio\\work\\Project-ZeroXVisuals\\API\\ZeroXVisuals-server-logic\\cart-add.spec.js":{"path":"C:\\Users\\polpe\\Desktop\\escritorio\\work\\Project-ZeroXVisuals\\API\\ZeroXVisuals-server-logic\\cart-add.spec.js","statementMap":{"0":{"start":{"line":1,"column":0},"end":{"line":1,"column":26}},"1":{"start":{"line":3,"column":51},"end":{"line":3,"column":58}},"2":{"start":{"line":5,"column":19},"end":{"line":5,"column":34}},"3":{"start":{"line":6,"column":0},"end":{"line":6,"column":46}},"4":{"start":{"line":7,"column":70},"end":{"line":7,"column":98}},"5":{"start":{"line":8,"column":16},"end":{"line":8,"column":37}},"6":{"start":{"line":10,"column":0},"end":{"line":104,"column":2}},"7":{"start":{"line":11,"column":4},"end":{"line":11,"column":47}},"8":{"start":{"line":11,"column":17},"end":{"line":11,"column":46}},"9":{"start":{"line":14,"column":31},"end":{"line":14,"column":33}},"10":{"start":{"line":15,"column":31},"end":{"line":15,"column":95}},"11":{"start":{"line":16,"column":31},"end":{"line":16,"column":48}},"12":{"start":{"line":17,"column":8},"end":{"line":19,"column":9}},"13":{"start":{"line":17,"column":22},"end":{"line":17,"column":23}},"14":{"start":{"line":18,"column":11},"end":{"line":18,"column":85}},"15":{"start":{"line":20,"column":8},"end":{"line":20,"column":22}},"16":{"start":{"line":25,"column":4},"end":{"line":42,"column":6}},"17":{"start":{"line":26,"column":8},"end":{"line":26,"column":34}},"18":{"start":{"line":27,"column":8},"end":{"line":27,"column":31}},"19":{"start":{"line":29,"column":8},"end":{"line":29,"column":43}},"20":{"start":{"line":31,"column":24},"end":{"line":31,"column":69}},"21":{"start":{"line":33,"column":24},"end":{"line":39,"column":10}},"22":{"start":{"line":41,"column":8},"end":{"line":41,"column":31}},"23":{"start":{"line":44,"column":4},"end":{"line":57,"column":6}},"24":{"start":{"line":46,"column":20},"end":{"line":46,"column":74}},"25":{"start":{"line":48,"column":8},"end":{"line":48,"column":35}},"26":{"start":{"line":50,"column":21},"end":{"line":50,"column":62}},"27":{"start":{"line":52,"column":8},"end":{"line":52,"column":41}},"28":{"start":{"line":54,"column":8},"end":{"line":54,"column":48}},"29":{"start":{"line":56,"column":7},"end":{"line":56,"column":73}},"30":{"start":{"line":59,"column":4},"end":{"line":68,"column":6}},"31":{"start":{"line":61,"column":23},"end":{"line":61,"column":49}},"32":{"start":{"line":63,"column":8},"end":{"line":67,"column":14}},"33":{"start":{"line":65,"column":16},"end":{"line":65,"column":38}},"34":{"start":{"line":66,"column":16},"end":{"line":66,"column":104}},"35":{"start":{"line":70,"column":4},"end":{"line":79,"column":6}},"36":{"start":{"line":72,"column":23},"end":{"line":72,"column":49}},"37":{"start":{"line":74,"column":8},"end":{"line":78,"column":14}},"38":{"start":{"line":76,"column":16},"end":{"line":76,"column":38}},"39":{"start":{"line":77,"column":16},"end":{"line":77,"column":102}},"40":{"start":{"line":81,"column":4},"end":{"line":89,"column":6}},"41":{"start":{"line":83,"column":8},"end":{"line":88,"column":9}},"42":{"start":{"line":84,"column":12},"end":{"line":84,"column":43}},"43":{"start":{"line":86,"column":12},"end":{"line":86,"column":34}},"44":{"start":{"line":87,"column":12},"end":{"line":87,"column":63}},"45":{"start":{"line":91,"column":4},"end":{"line":99,"column":6}},"46":{"start":{"line":93,"column":8},"end":{"line":98,"column":9}},"47":{"start":{"line":94,"column":12},"end":{"line":94,"column":40}},"48":{"start":{"line":96,"column":12},"end":{"line":96,"column":34}},"49":{"start":{"line":97,"column":12},"end":{"line":97,"column":63}},"50":{"start":{"line":101,"column":4},"end":{"line":101,"column":60}},"51":{"start":{"line":101,"column":20},"end":{"line":101,"column":37}},"52":{"start":{"line":103,"column":4},"end":{"line":103,"column":30}}},"fnMap":{"0":{"name":"(anonymous_0)","decl":{"start":{"line":10,"column":29},"end":{"line":10,"column":30}},"loc":{"start":{"line":10,"column":35},"end":{"line":104,"column":1}},"line":10},"1":{"name":"(anonymous_1)","decl":{"start":{"line":11,"column":11},"end":{"line":11,"column":12}},"loc":{"start":{"line":11,"column":17},"end":{"line":11,"column":46}},"line":11},"2":{"name":"makeid","decl":{"start":{"line":13,"column":13},"end":{"line":13,"column":19}},"loc":{"start":{"line":13,"column":28},"end":{"line":21,"column":5}},"line":13},"3":{"name":"(anonymous_3)","decl":{"start":{"line":25,"column":15},"end":{"line":25,"column":16}},"loc":{"start":{"line":25,"column":27},"end":{"line":42,"column":5}},"line":25},"4":{"name":"(anonymous_4)","decl":{"start":{"line":44,"column":51},"end":{"line":44,"column":52}},"loc":{"start":{"line":44,"column":63},"end":{"line":57,"column":5}},"line":44},"5":{"name":"(anonymous_5)","decl":{"start":{"line":59,"column":61},"end":{"line":59,"column":62}},"loc":{"start":{"line":59,"column":73},"end":{"line":68,"column":5}},"line":59},"6":{"name":"(anonymous_6)","decl":{"start":{"line":64,"column":19},"end":{"line":64,"column":20}},"loc":{"start":{"line":64,"column":29},"end":{"line":67,"column":13}},"line":64},"7":{"name":"(anonymous_7)","decl":{"start":{"line":70,"column":64},"end":{"line":70,"column":65}},"loc":{"start":{"line":70,"column":76},"end":{"line":79,"column":5}},"line":70},"8":{"name":"(anonymous_8)","decl":{"start":{"line":75,"column":19},"end":{"line":75,"column":20}},"loc":{"start":{"line":75,"column":29},"end":{"line":78,"column":13}},"line":75},"9":{"name":"(anonymous_9)","decl":{"start":{"line":81,"column":74},"end":{"line":81,"column":75}},"loc":{"start":{"line":81,"column":86},"end":{"line":89,"column":5}},"line":81},"10":{"name":"(anonymous_10)","decl":{"start":{"line":91,"column":77},"end":{"line":91,"column":78}},"loc":{"start":{"line":91,"column":89},"end":{"line":99,"column":5}},"line":91},"11":{"name":"(anonymous_11)","decl":{"start":{"line":101,"column":14},"end":{"line":101,"column":15}},"loc":{"start":{"line":101,"column":20},"end":{"line":101,"column":37}},"line":101}},"branchMap":{},"s":{"0":1,"1":1,"2":1,"3":1,"4":1,"5":1,"6":1,"7":1,"8":1,"9":20,"10":20,"11":20,"12":20,"13":20,"14":195,"15":20,"16":1,"17":5,"18":5,"19":5,"20":5,"21":5,"22":5,"23":1,"24":1,"25":1,"26":1,"27":1,"28":1,"29":1,"30":1,"31":1,"32":1,"33":1,"34":1,"35":1,"36":1,"37":1,"38":1,"39":1,"40":1,"41":1,"42":1,"43":1,"44":1,"45":1,"46":1,"47":1,"48":1,"49":1,"50":1,"51":5,"52":1},"f":{"0":1,"1":1,"2":20,"3":5,"4":1,"5":1,"6":1,"7":1,"8":1,"9":1,"10":1,"11":5},"b":{},"_coverageSchema":"1a1c01bbd47fc00a2c39e90264f33305004495a9","hash":"c0e1a3416ee783a590ba293ac3acbfc0a09b365e","contentHash":"43a7db3973b6b10b636e113a8d9ed3b72e0f3d993a927c1e0efe6c49e1f1499f"},"C:\\Users\\polpe\\Desktop\\escritorio\\work\\Project-ZeroXVisuals\\API\\ZeroXVisuals-server-logic\\cart-add.js":{"path":"C:\\Users\\polpe\\Desktop\\escritorio\\work\\Project-ZeroXVisuals\\API\\ZeroXVisuals-server-logic\\cart-add.js","statementMap":{"0":{"start":{"line":12,"column":1},"end":{"line":12,"column":49}},"1":{"start":{"line":13,"column":41},"end":{"line":13,"column":72}},"2":{"start":{"line":14,"column":39},"end":{"line":14,"column":67}},"3":{"start":{"line":15,"column":32},"end":{"line":15,"column":60}},"4":{"start":{"line":18,"column":1},"end":{"line":42,"column":2}},"5":{"start":{"line":20,"column":4},"end":{"line":20,"column":35}},"6":{"start":{"line":21,"column":4},"end":{"line":21,"column":38}},"7":{"start":{"line":23,"column":4},"end":{"line":41,"column":8}},"8":{"start":{"line":27,"column":21},"end":{"line":27,"column":55}},"9":{"start":{"line":29,"column":8},"end":{"line":29,"column":88}},"10":{"start":{"line":29,"column":19},"end":{"line":29,"column":88}},"11":{"start":{"line":31,"column":24},"end":{"line":31,"column":57}},"12":{"start":{"line":33,"column":8},"end":{"line":33,"column":92}},"13":{"start":{"line":33,"column":22},"end":{"line":33,"column":92}},"14":{"start":{"line":35,"column":8},"end":{"line":35,"column":40}},"15":{"start":{"line":37,"column":8},"end":{"line":37,"column":26}},"16":{"start":{"line":39,"column":8},"end":{"line":39,"column":25}}},"fnMap":{"0":{"name":"(anonymous_0)","decl":{"start":{"line":18,"column":18},"end":{"line":18,"column":19}},"loc":{"start":{"line":18,"column":41},"end":{"line":42,"column":2}},"line":18},"1":{"name":"(anonymous_1)","decl":{"start":{"line":23,"column":12},"end":{"line":23,"column":13}},"loc":{"start":{"line":23,"column":24},"end":{"line":41,"column":5}},"line":23}},"branchMap":{"0":{"loc":{"start":{"line":29,"column":8},"end":{"line":29,"column":88}},"type":"if","locations":[{"start":{"line":29,"column":8},"end":{"line":29,"column":88}},{"start":{"line":29,"column":8},"end":{"line":29,"column":88}}],"line":29},"1":{"loc":{"start":{"line":33,"column":8},"end":{"line":33,"column":92}},"type":"if","locations":[{"start":{"line":33,"column":8},"end":{"line":33,"column":92}},{"start":{"line":33,"column":8},"end":{"line":33,"column":92}}],"line":33}},"s":{"0":1,"1":1,"2":1,"3":1,"4":1,"5":5,"6":4,"7":3,"8":3,"9":3,"10":1,"11":2,"12":2,"13":1,"14":1,"15":1,"16":1},"f":{"0":5,"1":3},"b":{"0":[1,2],"1":[1,1]},"_coverageSchema":"1a1c01bbd47fc00a2c39e90264f33305004495a9","hash":"1b83d41e9f135155e39fa7dd2114728748bddfaa","contentHash":"56f41751364656923ecf03e7f9c1214c5d1a0e8e9f3b908b5b26b9323f1c28a1"},"C:\\Users\\polpe\\Desktop\\escritorio\\work\\Project-ZeroXVisuals\\API\\ZeroXVisuals-server-logic\\cart-creat.spec.js":{"path":"C:\\Users\\polpe\\Desktop\\escritorio\\work\\Project-ZeroXVisuals\\API\\ZeroXVisuals-server-logic\\cart-creat.spec.js","statementMap":{"0":{"start":{"line":1,"column":0},"end":{"line":1,"column":26}},"1":{"start":{"line":3,"column":51},"end":{"line":3,"column":58}},"2":{"start":{"line":5,"column":18},"end":{"line":5,"column":41}},"3":{"start":{"line":6,"column":19},"end":{"line":6,"column":23}},"4":{"start":{"line":7,"column":19},"end":{"line":7,"column":34}},"5":{"start":{"line":8,"column":0},"end":{"line":8,"column":46}},"6":{"start":{"line":9,"column":67},"end":{"line":9,"column":95}},"7":{"start":{"line":10,"column":15},"end":{"line":10,"column":34}},"8":{"start":{"line":11,"column":18},"end":{"line":11,"column":41}},"9":{"start":{"line":13,"column":0},"end":{"line":69,"column":2}},"10":{"start":{"line":14,"column":4},"end":{"line":14,"column":47}},"11":{"start":{"line":14,"column":17},"end":{"line":14,"column":46}},"12":{"start":{"line":18,"column":4},"end":{"line":30,"column":6}},"13":{"start":{"line":19,"column":8},"end":{"line":19,"column":31}},"14":{"start":{"line":20,"column":8},"end":{"line":20,"column":31}},"15":{"start":{"line":22,"column":8},"end":{"line":22,"column":33}},"16":{"start":{"line":23,"column":8},"end":{"line":23,"column":39}},"17":{"start":{"line":24,"column":8},"end":{"line":24,"column":40}},"18":{"start":{"line":25,"column":8},"end":{"line":25,"column":65}},"19":{"start":{"line":27,"column":8},"end":{"line":29,"column":10}},"20":{"start":{"line":28,"column":12},"end":{"line":28,"column":27}},"21":{"start":{"line":32,"column":4},"end":{"line":47,"column":6}},"22":{"start":{"line":34,"column":23},"end":{"line":34,"column":42}},"23":{"start":{"line":36,"column":8},"end":{"line":36,"column":31}},"24":{"start":{"line":38,"column":22},"end":{"line":38,"column":39}},"25":{"start":{"line":40,"column":8},"end":{"line":40,"column":40}},"26":{"start":{"line":42,"column":23},"end":{"line":42,"column":28}},"27":{"start":{"line":44,"column":8},"end":{"line":44,"column":60}},"28":{"start":{"line":45,"column":8},"end":{"line":45,"column":41}},"29":{"start":{"line":46,"column":8},"end":{"line":46,"column":48}},"30":{"start":{"line":49,"column":4},"end":{"line":64,"column":6}},"31":{"start":{"line":50,"column":8},"end":{"line":50,"column":60}},"32":{"start":{"line":50,"column":25},"end":{"line":50,"column":59}},"33":{"start":{"line":51,"column":8},"end":{"line":63,"column":10}},"34":{"start":{"line":52,"column":27},"end":{"line":56,"column":18}},"35":{"start":{"line":54,"column":20},"end":{"line":54,"column":42}},"36":{"start":{"line":55,"column":20},"end":{"line":55,"column":91}},"37":{"start":{"line":58,"column":12},"end":{"line":58,"column":42}},"38":{"start":{"line":60,"column":26},"end":{"line":60,"column":43}},"39":{"start":{"line":62,"column":12},"end":{"line":62,"column":44}},"40":{"start":{"line":66,"column":4},"end":{"line":66,"column":57}},"41":{"start":{"line":66,"column":20},"end":{"line":66,"column":37}},"42":{"start":{"line":68,"column":4},"end":{"line":68,"column":30}}},"fnMap":{"0":{"name":"(anonymous_0)","decl":{"start":{"line":13,"column":31},"end":{"line":13,"column":32}},"loc":{"start":{"line":13,"column":37},"end":{"line":69,"column":1}},"line":13},"1":{"name":"(anonymous_1)","decl":{"start":{"line":14,"column":11},"end":{"line":14,"column":12}},"loc":{"start":{"line":14,"column":17},"end":{"line":14,"column":46}},"line":14},"2":{"name":"(anonymous_2)","decl":{"start":{"line":18,"column":15},"end":{"line":18,"column":16}},"loc":{"start":{"line":18,"column":27},"end":{"line":30,"column":5}},"line":18},"3":{"name":"(anonymous_3)","decl":{"start":{"line":27,"column":66},"end":{"line":27,"column":67}},"loc":{"start":{"line":27,"column":84},"end":{"line":29,"column":9}},"line":27},"4":{"name":"(anonymous_4)","decl":{"start":{"line":32,"column":42},"end":{"line":32,"column":43}},"loc":{"start":{"line":32,"column":54},"end":{"line":47,"column":5}},"line":32},"5":{"name":"(anonymous_5)","decl":{"start":{"line":49,"column":54},"end":{"line":49,"column":55}},"loc":{"start":{"line":49,"column":60},"end":{"line":64,"column":5}},"line":49},"6":{"name":"(anonymous_6)","decl":{"start":{"line":50,"column":19},"end":{"line":50,"column":20}},"loc":{"start":{"line":50,"column":25},"end":{"line":50,"column":59}},"line":50},"7":{"name":"(anonymous_7)","decl":{"start":{"line":51,"column":42},"end":{"line":51,"column":43}},"loc":{"start":{"line":51,"column":54},"end":{"line":63,"column":9}},"line":51},"8":{"name":"(anonymous_8)","decl":{"start":{"line":53,"column":23},"end":{"line":53,"column":24}},"loc":{"start":{"line":53,"column":34},"end":{"line":56,"column":17}},"line":53},"9":{"name":"(anonymous_9)","decl":{"start":{"line":66,"column":14},"end":{"line":66,"column":15}},"loc":{"start":{"line":66,"column":20},"end":{"line":66,"column":37}},"line":66}},"branchMap":{},"s":{"0":1,"1":1,"2":1,"3":1,"4":1,"5":1,"6":1,"7":1,"8":1,"9":1,"10":1,"11":1,"12":1,"13":2,"14":2,"15":2,"16":2,"17":2,"18":2,"19":2,"20":2,"21":1,"22":1,"23":1,"24":1,"25":1,"26":1,"27":1,"28":1,"29":1,"30":1,"31":1,"32":1,"33":1,"34":1,"35":1,"36":1,"37":1,"38":1,"39":1,"40":1,"41":2,"42":1},"f":{"0":1,"1":1,"2":2,"3":2,"4":1,"5":1,"6":1,"7":1,"8":1,"9":2},"b":{},"_coverageSchema":"1a1c01bbd47fc00a2c39e90264f33305004495a9","hash":"afcfe56369f03bab99543b6314593f6beb325f8b","contentHash":"8978b274296138eddad3028e99ba8b2649273e3479eea46cfe78d98152093d1b"},"C:\\Users\\polpe\\Desktop\\escritorio\\work\\Project-ZeroXVisuals\\API\\ZeroXVisuals-server-logic\\cart-creat.js":{"path":"C:\\Users\\polpe\\Desktop\\escritorio\\work\\Project-ZeroXVisuals\\API\\ZeroXVisuals-server-logic\\cart-creat.js","statementMap":{"0":{"start":{"line":11,"column":0},"end":{"line":11,"column":48}},"1":{"start":{"line":12,"column":38},"end":{"line":12,"column":69}},"2":{"start":{"line":13,"column":29},"end":{"line":13,"column":57}},"3":{"start":{"line":14,"column":31},"end":{"line":14,"column":59}},"4":{"start":{"line":17,"column":0},"end":{"line":28,"column":1}},"5":{"start":{"line":19,"column":4},"end":{"line":27,"column":8}},"6":{"start":{"line":20,"column":21},"end":{"line":20,"column":55}},"7":{"start":{"line":22,"column":8},"end":{"line":22,"column":83}},"8":{"start":{"line":22,"column":18},"end":{"line":22,"column":83}},"9":{"start":{"line":24,"column":23},"end":{"line":24,"column":68}},"10":{"start":{"line":26,"column":7},"end":{"line":26,"column":25}}},"fnMap":{"0":{"name":"(anonymous_0)","decl":{"start":{"line":17,"column":17},"end":{"line":17,"column":18}},"loc":{"start":{"line":17,"column":29},"end":{"line":28,"column":1}},"line":17},"1":{"name":"(anonymous_1)","decl":{"start":{"line":19,"column":12},"end":{"line":19,"column":13}},"loc":{"start":{"line":19,"column":24},"end":{"line":27,"column":5}},"line":19}},"branchMap":{"0":{"loc":{"start":{"line":22,"column":8},"end":{"line":22,"column":83}},"type":"if","locations":[{"start":{"line":22,"column":8},"end":{"line":22,"column":83}},{"start":{"line":22,"column":8},"end":{"line":22,"column":83}}],"line":22}},"s":{"0":1,"1":1,"2":1,"3":1,"4":1,"5":3,"6":3,"7":3,"8":1,"9":2,"10":2},"f":{"0":3,"1":3},"b":{"0":[1,2]},"_coverageSchema":"1a1c01bbd47fc00a2c39e90264f33305004495a9","hash":"d9e33529c18e54d32e2fcebfb4dcd5fb791bcf1f","contentHash":"2f41b2310b4bf76456b89a80fec0800411d965cc0ccf25fd421ac1fefeb276fb"},"C:\\Users\\polpe\\Desktop\\escritorio\\work\\Project-ZeroXVisuals\\API\\ZeroXVisuals-server-logic\\cart-delete.spec.js":{"path":"C:\\Users\\polpe\\Desktop\\escritorio\\work\\Project-ZeroXVisuals\\API\\ZeroXVisuals-server-logic\\cart-delete.spec.js","statementMap":{"0":{"start":{"line":1,"column":0},"end":{"line":1,"column":26}},"1":{"start":{"line":3,"column":51},"end":{"line":3,"column":58}},"2":{"start":{"line":5,"column":19},"end":{"line":5,"column":34}},"3":{"start":{"line":6,"column":0},"end":{"line":6,"column":46}},"4":{"start":{"line":7,"column":70},"end":{"line":7,"column":98}},"5":{"start":{"line":8,"column":19},"end":{"line":8,"column":43}},"6":{"start":{"line":10,"column":0},"end":{"line":104,"column":2}},"7":{"start":{"line":11,"column":4},"end":{"line":11,"column":47}},"8":{"start":{"line":11,"column":17},"end":{"line":11,"column":46}},"9":{"start":{"line":14,"column":31},"end":{"line":14,"column":33}},"10":{"start":{"line":15,"column":31},"end":{"line":15,"column":95}},"11":{"start":{"line":16,"column":31},"end":{"line":16,"column":48}},"12":{"start":{"line":17,"column":8},"end":{"line":19,"column":9}},"13":{"start":{"line":17,"column":22},"end":{"line":17,"column":23}},"14":{"start":{"line":18,"column":11},"end":{"line":18,"column":85}},"15":{"start":{"line":20,"column":8},"end":{"line":20,"column":22}},"16":{"start":{"line":24,"column":20},"end":{"line":24,"column":22}},"17":{"start":{"line":26,"column":4},"end":{"line":48,"column":6}},"18":{"start":{"line":27,"column":8},"end":{"line":27,"column":34}},"19":{"start":{"line":28,"column":8},"end":{"line":28,"column":31}},"20":{"start":{"line":30,"column":8},"end":{"line":30,"column":43}},"21":{"start":{"line":32,"column":24},"end":{"line":32,"column":69}},"22":{"start":{"line":34,"column":8},"end":{"line":46,"column":9}},"23":{"start":{"line":34,"column":20},"end":{"line":34,"column":21}},"24":{"start":{"line":35,"column":28},"end":{"line":41,"column":14}},"25":{"start":{"line":42,"column":12},"end":{"line":42,"column":42}},"26":{"start":{"line":43,"column":12},"end":{"line":43,"column":49}},"27":{"start":{"line":44,"column":12},"end":{"line":44,"column":33}},"28":{"start":{"line":45,"column":12},"end":{"line":45,"column":32}},"29":{"start":{"line":50,"column":4},"end":{"line":78,"column":6}},"30":{"start":{"line":52,"column":19},"end":{"line":52,"column":60}},"31":{"start":{"line":56,"column":8},"end":{"line":56,"column":41}},"32":{"start":{"line":58,"column":8},"end":{"line":58,"column":48}},"33":{"start":{"line":60,"column":8},"end":{"line":60,"column":77}},"34":{"start":{"line":62,"column":8},"end":{"line":62,"column":77}},"35":{"start":{"line":64,"column":8},"end":{"line":64,"column":77}},"36":{"start":{"line":68,"column":23},"end":{"line":68,"column":58}},"37":{"start":{"line":70,"column":8},"end":{"line":70,"column":38}},"38":{"start":{"line":72,"column":8},"end":{"line":72,"column":56}},"39":{"start":{"line":74,"column":8},"end":{"line":74,"column":41}},"40":{"start":{"line":76,"column":8},"end":{"line":76,"column":48}},"41":{"start":{"line":80,"column":4},"end":{"line":89,"column":6}},"42":{"start":{"line":82,"column":23},"end":{"line":82,"column":49}},"43":{"start":{"line":84,"column":8},"end":{"line":88,"column":14}},"44":{"start":{"line":86,"column":16},"end":{"line":86,"column":38}},"45":{"start":{"line":87,"column":16},"end":{"line":87,"column":104}},"46":{"start":{"line":91,"column":4},"end":{"line":99,"column":6}},"47":{"start":{"line":93,"column":8},"end":{"line":98,"column":9}},"48":{"start":{"line":94,"column":12},"end":{"line":94,"column":25}},"49":{"start":{"line":96,"column":12},"end":{"line":96,"column":34}},"50":{"start":{"line":97,"column":12},"end":{"line":97,"column":63}},"51":{"start":{"line":101,"column":4},"end":{"line":101,"column":60}},"52":{"start":{"line":101,"column":20},"end":{"line":101,"column":37}},"53":{"start":{"line":103,"column":4},"end":{"line":103,"column":30}}},"fnMap":{"0":{"name":"(anonymous_0)","decl":{"start":{"line":10,"column":32},"end":{"line":10,"column":33}},"loc":{"start":{"line":10,"column":38},"end":{"line":104,"column":1}},"line":10},"1":{"name":"(anonymous_1)","decl":{"start":{"line":11,"column":11},"end":{"line":11,"column":12}},"loc":{"start":{"line":11,"column":17},"end":{"line":11,"column":46}},"line":11},"2":{"name":"makeid","decl":{"start":{"line":13,"column":13},"end":{"line":13,"column":19}},"loc":{"start":{"line":13,"column":28},"end":{"line":21,"column":5}},"line":13},"3":{"name":"(anonymous_3)","decl":{"start":{"line":26,"column":15},"end":{"line":26,"column":16}},"loc":{"start":{"line":26,"column":27},"end":{"line":48,"column":5}},"line":26},"4":{"name":"(anonymous_4)","decl":{"start":{"line":50,"column":60},"end":{"line":50,"column":61}},"loc":{"start":{"line":50,"column":72},"end":{"line":78,"column":5}},"line":50},"5":{"name":"(anonymous_5)","decl":{"start":{"line":80,"column":61},"end":{"line":80,"column":62}},"loc":{"start":{"line":80,"column":73},"end":{"line":89,"column":5}},"line":80},"6":{"name":"(anonymous_6)","decl":{"start":{"line":85,"column":19},"end":{"line":85,"column":20}},"loc":{"start":{"line":85,"column":29},"end":{"line":88,"column":13}},"line":85},"7":{"name":"(anonymous_7)","decl":{"start":{"line":91,"column":76},"end":{"line":91,"column":77}},"loc":{"start":{"line":91,"column":88},"end":{"line":99,"column":5}},"line":91},"8":{"name":"(anonymous_8)","decl":{"start":{"line":101,"column":14},"end":{"line":101,"column":15}},"loc":{"start":{"line":101,"column":20},"end":{"line":101,"column":37}},"line":101}},"branchMap":{},"s":{"0":1,"1":1,"2":1,"3":1,"4":1,"5":1,"6":1,"7":1,"8":1,"9":36,"10":36,"11":36,"12":36,"13":36,"14":351,"15":36,"16":1,"17":1,"18":3,"19":3,"20":3,"21":3,"22":3,"23":3,"24":9,"25":9,"26":9,"27":9,"28":9,"29":1,"30":1,"31":1,"32":1,"33":1,"34":1,"35":1,"36":1,"37":1,"38":1,"39":1,"40":1,"41":1,"42":1,"43":1,"44":1,"45":1,"46":1,"47":1,"48":1,"49":1,"50":1,"51":1,"52":3,"53":1},"f":{"0":1,"1":1,"2":36,"3":3,"4":1,"5":1,"6":1,"7":1,"8":3},"b":{},"_coverageSchema":"1a1c01bbd47fc00a2c39e90264f33305004495a9","hash":"bf1a7a1431848c13e0eece3e11f0ad741828cca4","contentHash":"c17c95d014fdd616268d349c42e703e11998787f6f417107e1de1fcf47ea7d24"},"C:\\Users\\polpe\\Desktop\\escritorio\\work\\Project-ZeroXVisuals\\API\\ZeroXVisuals-server-logic\\cart-delete.js":{"path":"C:\\Users\\polpe\\Desktop\\escritorio\\work\\Project-ZeroXVisuals\\API\\ZeroXVisuals-server-logic\\cart-delete.js","statementMap":{"0":{"start":{"line":11,"column":0},"end":{"line":11,"column":48}},"1":{"start":{"line":12,"column":40},"end":{"line":12,"column":71}},"2":{"start":{"line":13,"column":29},"end":{"line":13,"column":57}},"3":{"start":{"line":14,"column":31},"end":{"line":14,"column":59}},"4":{"start":{"line":15,"column":13},"end":{"line":15,"column":61}},"5":{"start":{"line":18,"column":0},"end":{"line":37,"column":1}},"6":{"start":{"line":20,"column":4},"end":{"line":20,"column":35}},"7":{"start":{"line":22,"column":4},"end":{"line":36,"column":4}},"8":{"start":{"line":24,"column":21},"end":{"line":24,"column":55}},"9":{"start":{"line":26,"column":8},"end":{"line":26,"column":88}},"10":{"start":{"line":26,"column":19},"end":{"line":26,"column":88}},"11":{"start":{"line":30,"column":8},"end":{"line":30,"column":53}},"12":{"start":{"line":32,"column":8},"end":{"line":32,"column":25}},"13":{"start":{"line":34,"column":8},"end":{"line":34,"column":25}}},"fnMap":{"0":{"name":"(anonymous_0)","decl":{"start":{"line":18,"column":17},"end":{"line":18,"column":18}},"loc":{"start":{"line":18,"column":29},"end":{"line":37,"column":1}},"line":18},"1":{"name":"(anonymous_1)","decl":{"start":{"line":22,"column":12},"end":{"line":22,"column":13}},"loc":{"start":{"line":22,"column":24},"end":{"line":36,"column":1}},"line":22}},"branchMap":{"0":{"loc":{"start":{"line":26,"column":8},"end":{"line":26,"column":88}},"type":"if","locations":[{"start":{"line":26,"column":8},"end":{"line":26,"column":88}},{"start":{"line":26,"column":8},"end":{"line":26,"column":88}}],"line":26}},"s":{"0":1,"1":1,"2":1,"3":1,"4":1,"5":1,"6":3,"7":2,"8":2,"9":2,"10":1,"11":1,"12":1,"13":1},"f":{"0":3,"1":2},"b":{"0":[1,1]},"_coverageSchema":"1a1c01bbd47fc00a2c39e90264f33305004495a9","hash":"725b737a7caafcb62ceaacb039e559a62988454d","contentHash":"0a8f6cdf3c52bdbc06a3af4c0bf32337dc5f08a9e1a08d310ae9759977ddc3c8"},"C:\\Users\\polpe\\Desktop\\escritorio\\work\\Project-ZeroXVisuals\\API\\ZeroXVisuals-server-logic\\cart-remove.spec.js":{"path":"C:\\Users\\polpe\\Desktop\\escritorio\\work\\Project-ZeroXVisuals\\API\\ZeroXVisuals-server-logic\\cart-remove.spec.js","statementMap":{"0":{"start":{"line":1,"column":0},"end":{"line":1,"column":26}},"1":{"start":{"line":3,"column":51},"end":{"line":3,"column":58}},"2":{"start":{"line":5,"column":19},"end":{"line":5,"column":34}},"3":{"start":{"line":6,"column":0},"end":{"line":6,"column":46}},"4":{"start":{"line":7,"column":70},"end":{"line":7,"column":98}},"5":{"start":{"line":8,"column":19},"end":{"line":8,"column":43}},"6":{"start":{"line":10,"column":0},"end":{"line":129,"column":2}},"7":{"start":{"line":11,"column":4},"end":{"line":11,"column":47}},"8":{"start":{"line":11,"column":17},"end":{"line":11,"column":46}},"9":{"start":{"line":14,"column":31},"end":{"line":14,"column":33}},"10":{"start":{"line":15,"column":31},"end":{"line":15,"column":95}},"11":{"start":{"line":16,"column":31},"end":{"line":16,"column":48}},"12":{"start":{"line":17,"column":8},"end":{"line":19,"column":9}},"13":{"start":{"line":17,"column":22},"end":{"line":17,"column":23}},"14":{"start":{"line":18,"column":11},"end":{"line":18,"column":85}},"15":{"start":{"line":20,"column":8},"end":{"line":20,"column":22}},"16":{"start":{"line":24,"column":20},"end":{"line":24,"column":22}},"17":{"start":{"line":26,"column":4},"end":{"line":48,"column":6}},"18":{"start":{"line":27,"column":8},"end":{"line":27,"column":34}},"19":{"start":{"line":28,"column":8},"end":{"line":28,"column":31}},"20":{"start":{"line":30,"column":8},"end":{"line":30,"column":43}},"21":{"start":{"line":32,"column":24},"end":{"line":32,"column":69}},"22":{"start":{"line":34,"column":8},"end":{"line":46,"column":9}},"23":{"start":{"line":34,"column":20},"end":{"line":34,"column":21}},"24":{"start":{"line":35,"column":28},"end":{"line":41,"column":14}},"25":{"start":{"line":42,"column":12},"end":{"line":42,"column":42}},"26":{"start":{"line":43,"column":12},"end":{"line":43,"column":49}},"27":{"start":{"line":44,"column":12},"end":{"line":44,"column":33}},"28":{"start":{"line":45,"column":12},"end":{"line":45,"column":32}},"29":{"start":{"line":50,"column":4},"end":{"line":82,"column":6}},"30":{"start":{"line":52,"column":19},"end":{"line":52,"column":60}},"31":{"start":{"line":56,"column":8},"end":{"line":56,"column":41}},"32":{"start":{"line":58,"column":8},"end":{"line":58,"column":48}},"33":{"start":{"line":60,"column":8},"end":{"line":60,"column":77}},"34":{"start":{"line":62,"column":8},"end":{"line":62,"column":77}},"35":{"start":{"line":64,"column":8},"end":{"line":64,"column":77}},"36":{"start":{"line":68,"column":23},"end":{"line":68,"column":83}},"37":{"start":{"line":70,"column":8},"end":{"line":70,"column":38}},"38":{"start":{"line":72,"column":8},"end":{"line":72,"column":56}},"39":{"start":{"line":74,"column":8},"end":{"line":74,"column":41}},"40":{"start":{"line":76,"column":8},"end":{"line":76,"column":48}},"41":{"start":{"line":78,"column":8},"end":{"line":78,"column":77}},"42":{"start":{"line":80,"column":8},"end":{"line":80,"column":77}},"43":{"start":{"line":84,"column":4},"end":{"line":93,"column":6}},"44":{"start":{"line":86,"column":23},"end":{"line":86,"column":49}},"45":{"start":{"line":88,"column":8},"end":{"line":92,"column":14}},"46":{"start":{"line":90,"column":16},"end":{"line":90,"column":38}},"47":{"start":{"line":91,"column":16},"end":{"line":91,"column":104}},"48":{"start":{"line":95,"column":4},"end":{"line":104,"column":6}},"49":{"start":{"line":97,"column":23},"end":{"line":97,"column":49}},"50":{"start":{"line":99,"column":8},"end":{"line":103,"column":14}},"51":{"start":{"line":101,"column":16},"end":{"line":101,"column":38}},"52":{"start":{"line":102,"column":16},"end":{"line":102,"column":102}},"53":{"start":{"line":106,"column":4},"end":{"line":114,"column":6}},"54":{"start":{"line":108,"column":8},"end":{"line":113,"column":9}},"55":{"start":{"line":109,"column":12},"end":{"line":109,"column":49}},"56":{"start":{"line":111,"column":12},"end":{"line":111,"column":34}},"57":{"start":{"line":112,"column":12},"end":{"line":112,"column":63}},"58":{"start":{"line":116,"column":4},"end":{"line":124,"column":6}},"59":{"start":{"line":118,"column":8},"end":{"line":123,"column":9}},"60":{"start":{"line":119,"column":12},"end":{"line":119,"column":43}},"61":{"start":{"line":121,"column":12},"end":{"line":121,"column":34}},"62":{"start":{"line":122,"column":12},"end":{"line":122,"column":63}},"63":{"start":{"line":126,"column":4},"end":{"line":126,"column":60}},"64":{"start":{"line":126,"column":20},"end":{"line":126,"column":37}},"65":{"start":{"line":128,"column":4},"end":{"line":128,"column":30}}},"fnMap":{"0":{"name":"(anonymous_0)","decl":{"start":{"line":10,"column":32},"end":{"line":10,"column":33}},"loc":{"start":{"line":10,"column":38},"end":{"line":129,"column":1}},"line":10},"1":{"name":"(anonymous_1)","decl":{"start":{"line":11,"column":11},"end":{"line":11,"column":12}},"loc":{"start":{"line":11,"column":17},"end":{"line":11,"column":46}},"line":11},"2":{"name":"makeid","decl":{"start":{"line":13,"column":13},"end":{"line":13,"column":19}},"loc":{"start":{"line":13,"column":28},"end":{"line":21,"column":5}},"line":13},"3":{"name":"(anonymous_3)","decl":{"start":{"line":26,"column":15},"end":{"line":26,"column":16}},"loc":{"start":{"line":26,"column":27},"end":{"line":48,"column":5}},"line":26},"4":{"name":"(anonymous_4)","decl":{"start":{"line":50,"column":55},"end":{"line":50,"column":56}},"loc":{"start":{"line":50,"column":67},"end":{"line":82,"column":5}},"line":50},"5":{"name":"(anonymous_5)","decl":{"start":{"line":84,"column":61},"end":{"line":84,"column":62}},"loc":{"start":{"line":84,"column":73},"end":{"line":93,"column":5}},"line":84},"6":{"name":"(anonymous_6)","decl":{"start":{"line":89,"column":19},"end":{"line":89,"column":20}},"loc":{"start":{"line":89,"column":29},"end":{"line":92,"column":13}},"line":89},"7":{"name":"(anonymous_7)","decl":{"start":{"line":95,"column":64},"end":{"line":95,"column":65}},"loc":{"start":{"line":95,"column":76},"end":{"line":104,"column":5}},"line":95},"8":{"name":"(anonymous_8)","decl":{"start":{"line":100,"column":19},"end":{"line":100,"column":20}},"loc":{"start":{"line":100,"column":29},"end":{"line":103,"column":13}},"line":100},"9":{"name":"(anonymous_9)","decl":{"start":{"line":106,"column":74},"end":{"line":106,"column":75}},"loc":{"start":{"line":106,"column":86},"end":{"line":114,"column":5}},"line":106},"10":{"name":"(anonymous_10)","decl":{"start":{"line":116,"column":77},"end":{"line":116,"column":78}},"loc":{"start":{"line":116,"column":89},"end":{"line":124,"column":5}},"line":116},"11":{"name":"(anonymous_11)","decl":{"start":{"line":126,"column":14},"end":{"line":126,"column":15}},"loc":{"start":{"line":126,"column":20},"end":{"line":126,"column":37}},"line":126}},"branchMap":{},"s":{"0":1,"1":1,"2":1,"3":1,"4":1,"5":1,"6":1,"7":1,"8":1,"9":60,"10":60,"11":60,"12":60,"13":60,"14":585,"15":60,"16":1,"17":1,"18":5,"19":5,"20":5,"21":5,"22":5,"23":5,"24":15,"25":15,"26":15,"27":15,"28":15,"29":1,"30":1,"31":1,"32":1,"33":1,"34":1,"35":1,"36":1,"37":1,"38":1,"39":1,"40":1,"41":1,"42":1,"43":1,"44":1,"45":1,"46":1,"47":1,"48":1,"49":1,"50":1,"51":1,"52":1,"53":1,"54":1,"55":1,"56":1,"57":1,"58":1,"59":1,"60":1,"61":1,"62":1,"63":1,"64":5,"65":1},"f":{"0":1,"1":1,"2":60,"3":5,"4":1,"5":1,"6":1,"7":1,"8":1,"9":1,"10":1,"11":5},"b":{},"_coverageSchema":"1a1c01bbd47fc00a2c39e90264f33305004495a9","hash":"db6954d22489e21e24270cc1f22271515301b02a","contentHash":"28407468e4094a730839a7939bb9cdbcdec4951f0d5ddb4a901f330c2ead2cf1"},"C:\\Users\\polpe\\Desktop\\escritorio\\work\\Project-ZeroXVisuals\\API\\ZeroXVisuals-server-logic\\cart-remove.js":{"path":"C:\\Users\\polpe\\Desktop\\escritorio\\work\\Project-ZeroXVisuals\\API\\ZeroXVisuals-server-logic\\cart-remove.js","statementMap":{"0":{"start":{"line":12,"column":1},"end":{"line":12,"column":49}},"1":{"start":{"line":13,"column":41},"end":{"line":13,"column":72}},"2":{"start":{"line":14,"column":39},"end":{"line":14,"column":67}},"3":{"start":{"line":15,"column":32},"end":{"line":15,"column":60}},"4":{"start":{"line":18,"column":1},"end":{"line":46,"column":2}},"5":{"start":{"line":20,"column":5},"end":{"line":20,"column":36}},"6":{"start":{"line":21,"column":5},"end":{"line":21,"column":39}},"7":{"start":{"line":23,"column":4},"end":{"line":45,"column":8}},"8":{"start":{"line":25,"column":21},"end":{"line":25,"column":55}},"9":{"start":{"line":27,"column":8},"end":{"line":27,"column":88}},"10":{"start":{"line":27,"column":19},"end":{"line":27,"column":88}},"11":{"start":{"line":29,"column":24},"end":{"line":29,"column":57}},"12":{"start":{"line":31,"column":8},"end":{"line":31,"column":92}},"13":{"start":{"line":31,"column":22},"end":{"line":31,"column":92}},"14":{"start":{"line":35,"column":22},"end":{"line":37,"column":10}},"15":{"start":{"line":36,"column":12},"end":{"line":36,"column":66}},"16":{"start":{"line":39,"column":8},"end":{"line":39,"column":38}},"17":{"start":{"line":41,"column":8},"end":{"line":41,"column":26}},"18":{"start":{"line":43,"column":8},"end":{"line":43,"column":25}}},"fnMap":{"0":{"name":"(anonymous_0)","decl":{"start":{"line":18,"column":18},"end":{"line":18,"column":19}},"loc":{"start":{"line":18,"column":41},"end":{"line":46,"column":2}},"line":18},"1":{"name":"(anonymous_1)","decl":{"start":{"line":23,"column":12},"end":{"line":23,"column":13}},"loc":{"start":{"line":23,"column":24},"end":{"line":45,"column":5}},"line":23},"2":{"name":"(anonymous_2)","decl":{"start":{"line":35,"column":46},"end":{"line":35,"column":47}},"loc":{"start":{"line":35,"column":58},"end":{"line":37,"column":9}},"line":35}},"branchMap":{"0":{"loc":{"start":{"line":27,"column":8},"end":{"line":27,"column":88}},"type":"if","locations":[{"start":{"line":27,"column":8},"end":{"line":27,"column":88}},{"start":{"line":27,"column":8},"end":{"line":27,"column":88}}],"line":27},"1":{"loc":{"start":{"line":31,"column":8},"end":{"line":31,"column":92}},"type":"if","locations":[{"start":{"line":31,"column":8},"end":{"line":31,"column":92}},{"start":{"line":31,"column":8},"end":{"line":31,"column":92}}],"line":31}},"s":{"0":1,"1":1,"2":1,"3":1,"4":1,"5":5,"6":4,"7":3,"8":3,"9":3,"10":1,"11":2,"12":2,"13":1,"14":1,"15":2,"16":1,"17":1,"18":1},"f":{"0":5,"1":3,"2":2},"b":{"0":[1,2],"1":[1,1]},"_coverageSchema":"1a1c01bbd47fc00a2c39e90264f33305004495a9","hash":"7042465e3394a8b2fc63f895a442bbbeb7690834","contentHash":"20d052c1c1e4fe31d0eefd2dd6b5f52232eda26bc4437fa4c864c243a47bc8c9"},"C:\\Users\\polpe\\Desktop\\escritorio\\work\\Project-ZeroXVisuals\\API\\ZeroXVisuals-server-logic\\cart-retrieve.spec.js":{"path":"C:\\Users\\polpe\\Desktop\\escritorio\\work\\Project-ZeroXVisuals\\API\\ZeroXVisuals-server-logic\\cart-retrieve.spec.js","statementMap":{"0":{"start":{"line":1,"column":0},"end":{"line":1,"column":26}},"1":{"start":{"line":3,"column":51},"end":{"line":3,"column":58}},"2":{"start":{"line":5,"column":19},"end":{"line":5,"column":34}},"3":{"start":{"line":6,"column":0},"end":{"line":6,"column":46}},"4":{"start":{"line":7,"column":76},"end":{"line":7,"column":104}},"5":{"start":{"line":8,"column":21},"end":{"line":8,"column":47}},"6":{"start":{"line":10,"column":0},"end":{"line":94,"column":2}},"7":{"start":{"line":11,"column":4},"end":{"line":11,"column":47}},"8":{"start":{"line":11,"column":17},"end":{"line":11,"column":46}},"9":{"start":{"line":14,"column":31},"end":{"line":14,"column":33}},"10":{"start":{"line":15,"column":31},"end":{"line":15,"column":95}},"11":{"start":{"line":16,"column":31},"end":{"line":16,"column":48}},"12":{"start":{"line":17,"column":8},"end":{"line":19,"column":9}},"13":{"start":{"line":17,"column":22},"end":{"line":17,"column":23}},"14":{"start":{"line":18,"column":11},"end":{"line":18,"column":85}},"15":{"start":{"line":20,"column":8},"end":{"line":20,"column":22}},"16":{"start":{"line":24,"column":20},"end":{"line":24,"column":22}},"17":{"start":{"line":26,"column":4},"end":{"line":60,"column":6}},"18":{"start":{"line":27,"column":8},"end":{"line":27,"column":34}},"19":{"start":{"line":28,"column":8},"end":{"line":28,"column":31}},"20":{"start":{"line":30,"column":8},"end":{"line":30,"column":43}},"21":{"start":{"line":32,"column":24},"end":{"line":32,"column":69}},"22":{"start":{"line":34,"column":8},"end":{"line":58,"column":9}},"23":{"start":{"line":34,"column":20},"end":{"line":34,"column":21}},"24":{"start":{"line":35,"column":28},"end":{"line":41,"column":14}},"25":{"start":{"line":42,"column":12},"end":{"line":49,"column":13}},"26":{"start":{"line":50,"column":12},"end":{"line":50,"column":32}},"27":{"start":{"line":52,"column":12},"end":{"line":52,"column":42}},"28":{"start":{"line":54,"column":12},"end":{"line":54,"column":49}},"29":{"start":{"line":55,"column":12},"end":{"line":55,"column":33}},"30":{"start":{"line":57,"column":12},"end":{"line":57,"column":32}},"31":{"start":{"line":62,"column":4},"end":{"line":68,"column":6}},"32":{"start":{"line":63,"column":8},"end":{"line":66,"column":14}},"33":{"start":{"line":65,"column":16},"end":{"line":65,"column":39}},"34":{"start":{"line":70,"column":4},"end":{"line":79,"column":6}},"35":{"start":{"line":72,"column":23},"end":{"line":72,"column":49}},"36":{"start":{"line":74,"column":8},"end":{"line":78,"column":14}},"37":{"start":{"line":76,"column":16},"end":{"line":76,"column":38}},"38":{"start":{"line":77,"column":16},"end":{"line":77,"column":104}},"39":{"start":{"line":81,"column":4},"end":{"line":89,"column":6}},"40":{"start":{"line":83,"column":8},"end":{"line":88,"column":9}},"41":{"start":{"line":84,"column":12},"end":{"line":84,"column":27}},"42":{"start":{"line":86,"column":12},"end":{"line":86,"column":34}},"43":{"start":{"line":87,"column":12},"end":{"line":87,"column":63}},"44":{"start":{"line":91,"column":4},"end":{"line":91,"column":60}},"45":{"start":{"line":91,"column":20},"end":{"line":91,"column":37}},"46":{"start":{"line":93,"column":4},"end":{"line":93,"column":30}}},"fnMap":{"0":{"name":"(anonymous_0)","decl":{"start":{"line":10,"column":34},"end":{"line":10,"column":35}},"loc":{"start":{"line":10,"column":40},"end":{"line":94,"column":1}},"line":10},"1":{"name":"(anonymous_1)","decl":{"start":{"line":11,"column":11},"end":{"line":11,"column":12}},"loc":{"start":{"line":11,"column":17},"end":{"line":11,"column":46}},"line":11},"2":{"name":"makeid","decl":{"start":{"line":13,"column":13},"end":{"line":13,"column":19}},"loc":{"start":{"line":13,"column":28},"end":{"line":21,"column":5}},"line":13},"3":{"name":"(anonymous_3)","decl":{"start":{"line":26,"column":15},"end":{"line":26,"column":16}},"loc":{"start":{"line":26,"column":27},"end":{"line":60,"column":5}},"line":26},"4":{"name":"(anonymous_4)","decl":{"start":{"line":62,"column":48},"end":{"line":62,"column":49}},"loc":{"start":{"line":62,"column":54},"end":{"line":68,"column":5}},"line":62},"5":{"name":"(anonymous_5)","decl":{"start":{"line":64,"column":18},"end":{"line":64,"column":19}},"loc":{"start":{"line":64,"column":30},"end":{"line":66,"column":13}},"line":64},"6":{"name":"(anonymous_6)","decl":{"start":{"line":70,"column":61},"end":{"line":70,"column":62}},"loc":{"start":{"line":70,"column":67},"end":{"line":79,"column":5}},"line":70},"7":{"name":"(anonymous_7)","decl":{"start":{"line":75,"column":19},"end":{"line":75,"column":20}},"loc":{"start":{"line":75,"column":29},"end":{"line":78,"column":13}},"line":75},"8":{"name":"(anonymous_8)","decl":{"start":{"line":81,"column":76},"end":{"line":81,"column":77}},"loc":{"start":{"line":81,"column":88},"end":{"line":89,"column":5}},"line":81},"9":{"name":"(anonymous_9)","decl":{"start":{"line":91,"column":14},"end":{"line":91,"column":15}},"loc":{"start":{"line":91,"column":20},"end":{"line":91,"column":37}},"line":91}},"branchMap":{},"s":{"0":1,"1":1,"2":1,"3":1,"4":1,"5":1,"6":1,"7":1,"8":1,"9":45,"10":45,"11":45,"12":45,"13":45,"14":486,"15":45,"16":1,"17":1,"18":3,"19":3,"20":3,"21":3,"22":3,"23":3,"24":9,"25":9,"26":9,"27":9,"28":9,"29":9,"30":9,"31":1,"32":1,"33":1,"34":1,"35":1,"36":1,"37":1,"38":1,"39":1,"40":1,"41":1,"42":1,"43":1,"44":1,"45":3,"46":1},"f":{"0":1,"1":1,"2":45,"3":3,"4":1,"5":1,"6":1,"7":1,"8":1,"9":3},"b":{},"_coverageSchema":"1a1c01bbd47fc00a2c39e90264f33305004495a9","hash":"b9acf682f5ed0664dea624cae9b5ec285a59b567","contentHash":"3bb504c3a5fb8a360592b50e44bc13ebccea51084364df09b339919c6e83fafd"},"C:\\Users\\polpe\\Desktop\\escritorio\\work\\Project-ZeroXVisuals\\API\\ZeroXVisuals-server-logic\\cart-retrieve.js":{"path":"C:\\Users\\polpe\\Desktop\\escritorio\\work\\Project-ZeroXVisuals\\API\\ZeroXVisuals-server-logic\\cart-retrieve.js","statementMap":{"0":{"start":{"line":10,"column":0},"end":{"line":10,"column":48}},"1":{"start":{"line":12,"column":41},"end":{"line":12,"column":72}},"2":{"start":{"line":13,"column":29},"end":{"line":13,"column":57}},"3":{"start":{"line":15,"column":0},"end":{"line":30,"column":1}},"4":{"start":{"line":17,"column":4},"end":{"line":17,"column":35}},"5":{"start":{"line":19,"column":4},"end":{"line":29,"column":8}},"6":{"start":{"line":23,"column":21},"end":{"line":23,"column":129}},"7":{"start":{"line":25,"column":8},"end":{"line":25,"column":88}},"8":{"start":{"line":25,"column":18},"end":{"line":25,"column":88}},"9":{"start":{"line":27,"column":8},"end":{"line":27,"column":19}}},"fnMap":{"0":{"name":"(anonymous_0)","decl":{"start":{"line":15,"column":17},"end":{"line":15,"column":18}},"loc":{"start":{"line":15,"column":29},"end":{"line":30,"column":1}},"line":15},"1":{"name":"(anonymous_1)","decl":{"start":{"line":19,"column":12},"end":{"line":19,"column":13}},"loc":{"start":{"line":19,"column":24},"end":{"line":29,"column":5}},"line":19}},"branchMap":{"0":{"loc":{"start":{"line":25,"column":8},"end":{"line":25,"column":88}},"type":"if","locations":[{"start":{"line":25,"column":8},"end":{"line":25,"column":88}},{"start":{"line":25,"column":8},"end":{"line":25,"column":88}}],"line":25}},"s":{"0":1,"1":1,"2":1,"3":1,"4":3,"5":2,"6":2,"7":2,"8":1,"9":1},"f":{"0":3,"1":2},"b":{"0":[1,1]},"_coverageSchema":"1a1c01bbd47fc00a2c39e90264f33305004495a9","hash":"94ab79b7919f7fc5f15527ec1795b11f941735d5","contentHash":"69b00de76141ceefd08245bcc6df2bf344641263eafaff3ba96801b96aa26771"},"C:\\Users\\polpe\\Desktop\\escritorio\\work\\Project-ZeroXVisuals\\API\\ZeroXVisuals-server-logic\\creat-random-products.spec.js":{"path":"C:\\Users\\polpe\\Desktop\\escritorio\\work\\Project-ZeroXVisuals\\API\\ZeroXVisuals-server-logic\\creat-random-products.spec.js","statementMap":{},"fnMap":{},"branchMap":{},"s":{},"f":{},"b":{},"_coverageSchema":"1a1c01bbd47fc00a2c39e90264f33305004495a9","hash":"d6cfcf78d7a09cac2c88c75231ebbbfa08ba70e9","contentHash":"429f1d4f155ee6dbdecdfed6439622549f57c5b13446a2358c383e7e21927c3c"},"C:\\Users\\polpe\\Desktop\\escritorio\\work\\Project-ZeroXVisuals\\API\\ZeroXVisuals-server-logic\\product-retrieve.spec.js":{"path":"C:\\Users\\polpe\\Desktop\\escritorio\\work\\Project-ZeroXVisuals\\API\\ZeroXVisuals-server-logic\\product-retrieve.spec.js","statementMap":{"0":{"start":{"line":1,"column":0},"end":{"line":1,"column":26}},"1":{"start":{"line":3,"column":51},"end":{"line":3,"column":58}},"2":{"start":{"line":5,"column":24},"end":{"line":5,"column":53}},"3":{"start":{"line":6,"column":19},"end":{"line":6,"column":34}},"4":{"start":{"line":7,"column":0},"end":{"line":7,"column":46}},"5":{"start":{"line":8,"column":69},"end":{"line":8,"column":97}},"6":{"start":{"line":9,"column":15},"end":{"line":9,"column":34}},"7":{"start":{"line":11,"column":0},"end":{"line":85,"column":2}},"8":{"start":{"line":12,"column":4},"end":{"line":12,"column":47}},"9":{"start":{"line":12,"column":17},"end":{"line":12,"column":46}},"10":{"start":{"line":15,"column":31},"end":{"line":15,"column":33}},"11":{"start":{"line":16,"column":31},"end":{"line":16,"column":95}},"12":{"start":{"line":17,"column":31},"end":{"line":17,"column":48}},"13":{"start":{"line":18,"column":8},"end":{"line":20,"column":9}},"14":{"start":{"line":18,"column":22},"end":{"line":18,"column":23}},"15":{"start":{"line":19,"column":11},"end":{"line":19,"column":85}},"16":{"start":{"line":21,"column":8},"end":{"line":21,"column":22}},"17":{"start":{"line":24,"column":20},"end":{"line":24,"column":22}},"18":{"start":{"line":26,"column":4},"end":{"line":51,"column":6}},"19":{"start":{"line":27,"column":8},"end":{"line":27,"column":34}},"20":{"start":{"line":29,"column":8},"end":{"line":49,"column":9}},"21":{"start":{"line":29,"column":20},"end":{"line":29,"column":21}},"22":{"start":{"line":30,"column":28},"end":{"line":36,"column":14}},"23":{"start":{"line":37,"column":12},"end":{"line":44,"column":13}},"24":{"start":{"line":45,"column":12},"end":{"line":45,"column":32}},"25":{"start":{"line":47,"column":12},"end":{"line":47,"column":53}},"26":{"start":{"line":53,"column":4},"end":{"line":59,"column":6}},"27":{"start":{"line":54,"column":8},"end":{"line":57,"column":14}},"28":{"start":{"line":56,"column":16},"end":{"line":56,"column":39}},"29":{"start":{"line":61,"column":4},"end":{"line":70,"column":6}},"30":{"start":{"line":63,"column":23},"end":{"line":63,"column":49}},"31":{"start":{"line":65,"column":8},"end":{"line":69,"column":14}},"32":{"start":{"line":67,"column":16},"end":{"line":67,"column":38}},"33":{"start":{"line":68,"column":16},"end":{"line":68,"column":102}},"34":{"start":{"line":72,"column":4},"end":{"line":80,"column":6}},"35":{"start":{"line":74,"column":8},"end":{"line":79,"column":9}},"36":{"start":{"line":75,"column":12},"end":{"line":75,"column":30}},"37":{"start":{"line":77,"column":12},"end":{"line":77,"column":34}},"38":{"start":{"line":78,"column":12},"end":{"line":78,"column":63}},"39":{"start":{"line":82,"column":4},"end":{"line":82,"column":41}},"40":{"start":{"line":82,"column":20},"end":{"line":82,"column":40}},"41":{"start":{"line":84,"column":4},"end":{"line":84,"column":30}}},"fnMap":{"0":{"name":"(anonymous_0)","decl":{"start":{"line":11,"column":37},"end":{"line":11,"column":38}},"loc":{"start":{"line":11,"column":43},"end":{"line":85,"column":1}},"line":11},"1":{"name":"(anonymous_1)","decl":{"start":{"line":12,"column":11},"end":{"line":12,"column":12}},"loc":{"start":{"line":12,"column":17},"end":{"line":12,"column":46}},"line":12},"2":{"name":"makeid","decl":{"start":{"line":14,"column":13},"end":{"line":14,"column":19}},"loc":{"start":{"line":14,"column":28},"end":{"line":22,"column":5}},"line":14},"3":{"name":"(anonymous_3)","decl":{"start":{"line":26,"column":15},"end":{"line":26,"column":16}},"loc":{"start":{"line":26,"column":27},"end":{"line":51,"column":5}},"line":26},"4":{"name":"(anonymous_4)","decl":{"start":{"line":53,"column":47},"end":{"line":53,"column":48}},"loc":{"start":{"line":53,"column":53},"end":{"line":59,"column":5}},"line":53},"5":{"name":"(anonymous_5)","decl":{"start":{"line":55,"column":18},"end":{"line":55,"column":19}},"loc":{"start":{"line":55,"column":30},"end":{"line":57,"column":13}},"line":55},"6":{"name":"(anonymous_6)","decl":{"start":{"line":61,"column":64},"end":{"line":61,"column":65}},"loc":{"start":{"line":61,"column":70},"end":{"line":70,"column":5}},"line":61},"7":{"name":"(anonymous_7)","decl":{"start":{"line":66,"column":19},"end":{"line":66,"column":20}},"loc":{"start":{"line":66,"column":29},"end":{"line":69,"column":13}},"line":66},"8":{"name":"(anonymous_8)","decl":{"start":{"line":72,"column":79},"end":{"line":72,"column":80}},"loc":{"start":{"line":72,"column":91},"end":{"line":80,"column":5}},"line":72},"9":{"name":"(anonymous_9)","decl":{"start":{"line":82,"column":14},"end":{"line":82,"column":15}},"loc":{"start":{"line":82,"column":20},"end":{"line":82,"column":40}},"line":82}},"branchMap":{},"s":{"0":1,"1":1,"2":1,"3":1,"4":1,"5":1,"6":1,"7":1,"8":1,"9":1,"10":45,"11":45,"12":45,"13":45,"14":45,"15":486,"16":45,"17":1,"18":1,"19":3,"20":3,"21":3,"22":9,"23":9,"24":9,"25":9,"26":1,"27":1,"28":1,"29":1,"30":1,"31":1,"32":1,"33":1,"34":1,"35":1,"36":1,"37":1,"38":1,"39":1,"40":3,"41":1},"f":{"0":1,"1":1,"2":45,"3":3,"4":1,"5":1,"6":1,"7":1,"8":1,"9":3},"b":{},"_coverageSchema":"1a1c01bbd47fc00a2c39e90264f33305004495a9","hash":"57f9f95023e805610e727bdcbd69e894868488de","contentHash":"ef94b7780d863ba348852dc3d485d9b9a262125a541d9f2578f080e85c520eaf"},"C:\\Users\\polpe\\Desktop\\escritorio\\work\\Project-ZeroXVisuals\\API\\ZeroXVisuals-server-logic\\product-retrieve.js":{"path":"C:\\Users\\polpe\\Desktop\\escritorio\\work\\Project-ZeroXVisuals\\API\\ZeroXVisuals-server-logic\\product-retrieve.js","statementMap":{"0":{"start":{"line":10,"column":0},"end":{"line":10,"column":48}},"1":{"start":{"line":11,"column":41},"end":{"line":11,"column":72}},"2":{"start":{"line":12,"column":32},"end":{"line":12,"column":60}},"3":{"start":{"line":14,"column":0},"end":{"line":27,"column":1}},"4":{"start":{"line":16,"column":4},"end":{"line":16,"column":38}},"5":{"start":{"line":18,"column":4},"end":{"line":26,"column":8}},"6":{"start":{"line":20,"column":24},"end":{"line":20,"column":79}},"7":{"start":{"line":22,"column":8},"end":{"line":22,"column":89}},"8":{"start":{"line":22,"column":21},"end":{"line":22,"column":89}},"9":{"start":{"line":24,"column":8},"end":{"line":24,"column":22}}},"fnMap":{"0":{"name":"(anonymous_0)","decl":{"start":{"line":14,"column":17},"end":{"line":14,"column":18}},"loc":{"start":{"line":14,"column":32},"end":{"line":27,"column":1}},"line":14},"1":{"name":"(anonymous_1)","decl":{"start":{"line":18,"column":12},"end":{"line":18,"column":13}},"loc":{"start":{"line":18,"column":24},"end":{"line":26,"column":5}},"line":18}},"branchMap":{"0":{"loc":{"start":{"line":22,"column":8},"end":{"line":22,"column":89}},"type":"if","locations":[{"start":{"line":22,"column":8},"end":{"line":22,"column":89}},{"start":{"line":22,"column":8},"end":{"line":22,"column":89}}],"line":22}},"s":{"0":1,"1":1,"2":1,"3":1,"4":3,"5":2,"6":2,"7":2,"8":1,"9":1},"f":{"0":3,"1":2},"b":{"0":[1,1]},"_coverageSchema":"1a1c01bbd47fc00a2c39e90264f33305004495a9","hash":"f7dcde161bbe4ab82eb520fdfdb00139e0e0ba2f","contentHash":"822f1a4549208dafeeb59b69f5b502d3e18d1df92dee6e05f2ef814ce0ec4864"},"C:\\Users\\polpe\\Desktop\\escritorio\\work\\Project-ZeroXVisuals\\API\\ZeroXVisuals-server-logic\\rating-add.spec.js":{"path":"C:\\Users\\polpe\\Desktop\\escritorio\\work\\Project-ZeroXVisuals\\API\\ZeroXVisuals-server-logic\\rating-add.spec.js","statementMap":{"0":{"start":{"line":1,"column":0},"end":{"line":1,"column":26}},"1":{"start":{"line":3,"column":96},"end":{"line":3,"column":103}},"2":{"start":{"line":5,"column":18},"end":{"line":5,"column":41}},"3":{"start":{"line":6,"column":19},"end":{"line":6,"column":23}},"4":{"start":{"line":7,"column":19},"end":{"line":7,"column":34}},"5":{"start":{"line":8,"column":0},"end":{"line":8,"column":46}},"6":{"start":{"line":9,"column":70},"end":{"line":9,"column":98}},"7":{"start":{"line":11,"column":0},"end":{"line":162,"column":2}},"8":{"start":{"line":12,"column":4},"end":{"line":12,"column":47}},"9":{"start":{"line":12,"column":17},"end":{"line":12,"column":46}},"10":{"start":{"line":15,"column":31},"end":{"line":15,"column":33}},"11":{"start":{"line":16,"column":31},"end":{"line":16,"column":95}},"12":{"start":{"line":17,"column":31},"end":{"line":17,"column":48}},"13":{"start":{"line":18,"column":8},"end":{"line":20,"column":9}},"14":{"start":{"line":18,"column":22},"end":{"line":18,"column":23}},"15":{"start":{"line":19,"column":11},"end":{"line":19,"column":85}},"16":{"start":{"line":21,"column":8},"end":{"line":21,"column":22}},"17":{"start":{"line":26,"column":4},"end":{"line":46,"column":6}},"18":{"start":{"line":27,"column":8},"end":{"line":27,"column":31}},"19":{"start":{"line":28,"column":8},"end":{"line":28,"column":34}},"20":{"start":{"line":30,"column":8},"end":{"line":30,"column":33}},"21":{"start":{"line":31,"column":8},"end":{"line":31,"column":39}},"22":{"start":{"line":32,"column":8},"end":{"line":32,"column":40}},"23":{"start":{"line":33,"column":8},"end":{"line":33,"column":65}},"24":{"start":{"line":35,"column":8},"end":{"line":35,"column":45}},"25":{"start":{"line":36,"column":8},"end":{"line":36,"column":28}},"26":{"start":{"line":38,"column":8},"end":{"line":42,"column":62}},"27":{"start":{"line":48,"column":4},"end":{"line":143,"column":6}},"28":{"start":{"line":49,"column":8},"end":{"line":54,"column":10}},"29":{"start":{"line":50,"column":25},"end":{"line":50,"column":76}},"30":{"start":{"line":51,"column":28},"end":{"line":51,"column":148}},"31":{"start":{"line":52,"column":12},"end":{"line":52,"column":39}},"32":{"start":{"line":53,"column":12},"end":{"line":53,"column":45}},"33":{"start":{"line":56,"column":8},"end":{"line":76,"column":10}},"34":{"start":{"line":60,"column":26},"end":{"line":60,"column":59}},"35":{"start":{"line":61,"column":12},"end":{"line":61,"column":36}},"36":{"start":{"line":62,"column":12},"end":{"line":62,"column":54}},"37":{"start":{"line":63,"column":12},"end":{"line":63,"column":52}},"38":{"start":{"line":65,"column":12},"end":{"line":65,"column":62}},"39":{"start":{"line":69,"column":12},"end":{"line":69,"column":55}},"40":{"start":{"line":70,"column":12},"end":{"line":70,"column":36}},"41":{"start":{"line":71,"column":12},"end":{"line":71,"column":54}},"42":{"start":{"line":72,"column":12},"end":{"line":72,"column":52}},"43":{"start":{"line":73,"column":12},"end":{"line":73,"column":74}},"44":{"start":{"line":74,"column":12},"end":{"line":74,"column":61}},"45":{"start":{"line":75,"column":12},"end":{"line":75,"column":65}},"46":{"start":{"line":78,"column":8},"end":{"line":105,"column":10}},"47":{"start":{"line":82,"column":12},"end":{"line":82,"column":62}},"48":{"start":{"line":86,"column":26},"end":{"line":86,"column":59}},"49":{"start":{"line":87,"column":12},"end":{"line":87,"column":36}},"50":{"start":{"line":88,"column":12},"end":{"line":88,"column":54}},"51":{"start":{"line":89,"column":12},"end":{"line":89,"column":52}},"52":{"start":{"line":90,"column":12},"end":{"line":90,"column":74}},"53":{"start":{"line":91,"column":12},"end":{"line":91,"column":61}},"54":{"start":{"line":92,"column":12},"end":{"line":92,"column":65}},"55":{"start":{"line":94,"column":12},"end":{"line":94,"column":75}},"56":{"start":{"line":98,"column":12},"end":{"line":98,"column":55}},"57":{"start":{"line":99,"column":12},"end":{"line":99,"column":36}},"58":{"start":{"line":100,"column":12},"end":{"line":100,"column":54}},"59":{"start":{"line":101,"column":12},"end":{"line":101,"column":52}},"60":{"start":{"line":102,"column":12},"end":{"line":102,"column":74}},"61":{"start":{"line":103,"column":12},"end":{"line":103,"column":68}},"62":{"start":{"line":104,"column":12},"end":{"line":104,"column":71}},"63":{"start":{"line":107,"column":8},"end":{"line":123,"column":10}},"64":{"start":{"line":111,"column":26},"end":{"line":111,"column":59}},"65":{"start":{"line":112,"column":12},"end":{"line":112,"column":36}},"66":{"start":{"line":113,"column":12},"end":{"line":113,"column":54}},"67":{"start":{"line":114,"column":12},"end":{"line":114,"column":52}},"68":{"start":{"line":116,"column":12},"end":{"line":121,"column":13}},"69":{"start":{"line":117,"column":16},"end":{"line":117,"column":60}},"70":{"start":{"line":119,"column":16},"end":{"line":119,"column":38}},"71":{"start":{"line":120,"column":16},"end":{"line":120,"column":70}},"72":{"start":{"line":125,"column":8},"end":{"line":140,"column":10}},"73":{"start":{"line":129,"column":26},"end":{"line":129,"column":59}},"74":{"start":{"line":130,"column":12},"end":{"line":130,"column":36}},"75":{"start":{"line":131,"column":12},"end":{"line":131,"column":54}},"76":{"start":{"line":132,"column":12},"end":{"line":132,"column":52}},"77":{"start":{"line":134,"column":12},"end":{"line":139,"column":13}},"78":{"start":{"line":135,"column":16},"end":{"line":135,"column":68}},"79":{"start":{"line":137,"column":16},"end":{"line":137,"column":38}},"80":{"start":{"line":138,"column":16},"end":{"line":138,"column":74}},"81":{"start":{"line":145,"column":4},"end":{"line":157,"column":6}},"82":{"start":{"line":147,"column":8},"end":{"line":149,"column":10}},"83":{"start":{"line":148,"column":12},"end":{"line":148,"column":47}},"84":{"start":{"line":150,"column":8},"end":{"line":156,"column":10}},"85":{"start":{"line":151,"column":12},"end":{"line":155,"column":18}},"86":{"start":{"line":153,"column":20},"end":{"line":153,"column":42}},"87":{"start":{"line":154,"column":20},"end":{"line":154,"column":94}},"88":{"start":{"line":159,"column":4},"end":{"line":159,"column":60}},"89":{"start":{"line":159,"column":20},"end":{"line":159,"column":37}},"90":{"start":{"line":161,"column":4},"end":{"line":161,"column":30}}},"fnMap":{"0":{"name":"(anonymous_0)","decl":{"start":{"line":11,"column":32},"end":{"line":11,"column":33}},"loc":{"start":{"line":11,"column":38},"end":{"line":162,"column":1}},"line":11},"1":{"name":"(anonymous_1)","decl":{"start":{"line":12,"column":11},"end":{"line":12,"column":12}},"loc":{"start":{"line":12,"column":17},"end":{"line":12,"column":46}},"line":12},"2":{"name":"makeid","decl":{"start":{"line":14,"column":13},"end":{"line":14,"column":19}},"loc":{"start":{"line":14,"column":28},"end":{"line":22,"column":5}},"line":14},"3":{"name":"(anonymous_3)","decl":{"start":{"line":26,"column":15},"end":{"line":26,"column":16}},"loc":{"start":{"line":26,"column":27},"end":{"line":46,"column":5}},"line":26},"4":{"name":"(anonymous_4)","decl":{"start":{"line":48,"column":31},"end":{"line":48,"column":32}},"loc":{"start":{"line":48,"column":37},"end":{"line":143,"column":5}},"line":48},"5":{"name":"(anonymous_5)","decl":{"start":{"line":49,"column":19},"end":{"line":49,"column":20}},"loc":{"start":{"line":49,"column":31},"end":{"line":54,"column":9}},"line":49},"6":{"name":"(anonymous_6)","decl":{"start":{"line":56,"column":55},"end":{"line":56,"column":56}},"loc":{"start":{"line":56,"column":67},"end":{"line":76,"column":9}},"line":56},"7":{"name":"(anonymous_7)","decl":{"start":{"line":78,"column":55},"end":{"line":78,"column":56}},"loc":{"start":{"line":78,"column":67},"end":{"line":105,"column":9}},"line":78},"8":{"name":"(anonymous_8)","decl":{"start":{"line":107,"column":57},"end":{"line":107,"column":58}},"loc":{"start":{"line":107,"column":69},"end":{"line":123,"column":9}},"line":107},"9":{"name":"(anonymous_9)","decl":{"start":{"line":125,"column":55},"end":{"line":125,"column":56}},"loc":{"start":{"line":125,"column":67},"end":{"line":140,"column":9}},"line":125},"10":{"name":"(anonymous_10)","decl":{"start":{"line":145,"column":35},"end":{"line":145,"column":36}},"loc":{"start":{"line":145,"column":41},"end":{"line":157,"column":5}},"line":145},"11":{"name":"(anonymous_11)","decl":{"start":{"line":147,"column":19},"end":{"line":147,"column":20}},"loc":{"start":{"line":147,"column":30},"end":{"line":149,"column":9}},"line":147},"12":{"name":"(anonymous_12)","decl":{"start":{"line":150,"column":44},"end":{"line":150,"column":45}},"loc":{"start":{"line":150,"column":56},"end":{"line":156,"column":9}},"line":150},"13":{"name":"(anonymous_13)","decl":{"start":{"line":152,"column":24},"end":{"line":152,"column":25}},"loc":{"start":{"line":152,"column":33},"end":{"line":155,"column":17}},"line":152},"14":{"name":"(anonymous_14)","decl":{"start":{"line":159,"column":14},"end":{"line":159,"column":15}},"loc":{"start":{"line":159,"column":20},"end":{"line":159,"column":37}},"line":159}},"branchMap":{},"s":{"0":1,"1":1,"2":1,"3":1,"4":1,"5":1,"6":1,"7":1,"8":1,"9":1,"10":25,"11":25,"12":25,"13":25,"14":25,"15":295,"16":25,"17":1,"18":5,"19":5,"20":5,"21":5,"22":5,"23":5,"24":5,"25":5,"26":5,"27":1,"28":1,"29":4,"30":4,"31":4,"32":4,"33":1,"34":1,"35":1,"36":1,"37":1,"38":1,"39":1,"40":1,"41":1,"42":1,"43":1,"44":1,"45":1,"46":1,"47":1,"48":1,"49":1,"50":1,"51":1,"52":1,"53":1,"54":1,"55":1,"56":1,"57":1,"58":1,"59":1,"60":1,"61":1,"62":1,"63":1,"64":1,"65":1,"66":1,"67":1,"68":1,"69":1,"70":1,"71":1,"72":1,"73":1,"74":1,"75":1,"76":1,"77":1,"78":1,"79":1,"80":1,"81":1,"82":1,"83":1,"84":1,"85":1,"86":1,"87":1,"88":1,"89":5,"90":1},"f":{"0":1,"1":1,"2":25,"3":5,"4":1,"5":4,"6":1,"7":1,"8":1,"9":1,"10":1,"11":1,"12":1,"13":1,"14":5},"b":{},"_coverageSchema":"1a1c01bbd47fc00a2c39e90264f33305004495a9","hash":"8b9d655eb423b3e7bf46fbc059f46b323bf9edd2","contentHash":"ae2df4303026246be031a6943a57838975106036d2e486b7a196a8c118d74981"},"C:\\Users\\polpe\\Desktop\\escritorio\\work\\Project-ZeroXVisuals\\API\\ZeroXVisuals-server-logic\\rating-add.js":{"path":"C:\\Users\\polpe\\Desktop\\escritorio\\work\\Project-ZeroXVisuals\\API\\ZeroXVisuals-server-logic\\rating-add.js","statementMap":{"0":{"start":{"line":14,"column":0},"end":{"line":14,"column":48}},"1":{"start":{"line":15,"column":0},"end":{"line":15,"column":48}},"2":{"start":{"line":16,"column":35},"end":{"line":16,"column":63}},"3":{"start":{"line":17,"column":41},"end":{"line":17,"column":72}},"4":{"start":{"line":19,"column":0},"end":{"line":58,"column":1}},"5":{"start":{"line":21,"column":4},"end":{"line":21,"column":38}},"6":{"start":{"line":22,"column":4},"end":{"line":22,"column":35}},"7":{"start":{"line":23,"column":4},"end":{"line":23,"column":34}},"8":{"start":{"line":24,"column":4},"end":{"line":24,"column":36}},"9":{"start":{"line":26,"column":4},"end":{"line":57,"column":8}},"10":{"start":{"line":27,"column":24},"end":{"line":27,"column":29}},"11":{"start":{"line":28,"column":22},"end":{"line":28,"column":55}},"12":{"start":{"line":30,"column":8},"end":{"line":30,"column":92}},"13":{"start":{"line":30,"column":22},"end":{"line":30,"column":92}},"14":{"start":{"line":34,"column":8},"end":{"line":42,"column":9}},"15":{"start":{"line":35,"column":12},"end":{"line":41,"column":13}},"16":{"start":{"line":36,"column":16},"end":{"line":36,"column":32}},"17":{"start":{"line":37,"column":16},"end":{"line":37,"column":46}},"18":{"start":{"line":38,"column":16},"end":{"line":38,"column":50}},"19":{"start":{"line":39,"column":16},"end":{"line":39,"column":48}},"20":{"start":{"line":40,"column":16},"end":{"line":40,"column":21}},"21":{"start":{"line":44,"column":8},"end":{"line":53,"column":9}},"22":{"start":{"line":45,"column":12},"end":{"line":52,"column":13}},"23":{"start":{"line":55,"column":8},"end":{"line":55,"column":28}}},"fnMap":{"0":{"name":"(anonymous_0)","decl":{"start":{"line":19,"column":17},"end":{"line":19,"column":18}},"loc":{"start":{"line":19,"column":56},"end":{"line":58,"column":1}},"line":19},"1":{"name":"(anonymous_1)","decl":{"start":{"line":26,"column":12},"end":{"line":26,"column":13}},"loc":{"start":{"line":26,"column":24},"end":{"line":57,"column":5}},"line":26}},"branchMap":{"0":{"loc":{"start":{"line":30,"column":8},"end":{"line":30,"column":92}},"type":"if","locations":[{"start":{"line":30,"column":8},"end":{"line":30,"column":92}},{"start":{"line":30,"column":8},"end":{"line":30,"column":92}}],"line":30},"1":{"loc":{"start":{"line":35,"column":12},"end":{"line":41,"column":13}},"type":"if","locations":[{"start":{"line":35,"column":12},"end":{"line":41,"column":13}},{"start":{"line":35,"column":12},"end":{"line":41,"column":13}}],"line":35},"2":{"loc":{"start":{"line":44,"column":8},"end":{"line":53,"column":9}},"type":"if","locations":[{"start":{"line":44,"column":8},"end":{"line":53,"column":9}},{"start":{"line":44,"column":8},"end":{"line":53,"column":9}}],"line":44}},"s":{"0":1,"1":1,"2":1,"3":1,"4":1,"5":6,"6":6,"7":6,"8":5,"9":4,"10":4,"11":4,"12":4,"13":1,"14":3,"15":1,"16":1,"17":1,"18":1,"19":1,"20":1,"21":3,"22":2,"23":3},"f":{"0":6,"1":4},"b":{"0":[1,3],"1":[1,0],"2":[2,1]},"_coverageSchema":"1a1c01bbd47fc00a2c39e90264f33305004495a9","hash":"78c23e34f030baac6493e2ac175a9b26e7591d1f","contentHash":"ca9ae680ed67481fac8ad32221f9f7a13b4ebfd4e1d1c16e92e01e04a2883efe"},"C:\\Users\\polpe\\Desktop\\escritorio\\work\\Project-ZeroXVisuals\\API\\ZeroXVisuals-server-logic\\register-user.spec.js":{"path":"C:\\Users\\polpe\\Desktop\\escritorio\\work\\Project-ZeroXVisuals\\API\\ZeroXVisuals-server-logic\\register-user.spec.js","statementMap":{"0":{"start":{"line":1,"column":0},"end":{"line":1,"column":26}},"1":{"start":{"line":3,"column":51},"end":{"line":3,"column":58}},"2":{"start":{"line":5,"column":21},"end":{"line":5,"column":47}},"3":{"start":{"line":6,"column":19},"end":{"line":6,"column":23}},"4":{"start":{"line":7,"column":19},"end":{"line":7,"column":34}},"5":{"start":{"line":8,"column":0},"end":{"line":8,"column":46}},"6":{"start":{"line":9,"column":45},"end":{"line":9,"column":73}},"7":{"start":{"line":10,"column":15},"end":{"line":10,"column":34}},"8":{"start":{"line":12,"column":0},"end":{"line":94,"column":2}},"9":{"start":{"line":13,"column":4},"end":{"line":13,"column":47}},"10":{"start":{"line":13,"column":17},"end":{"line":13,"column":46}},"11":{"start":{"line":17,"column":4},"end":{"line":25,"column":6}},"12":{"start":{"line":18,"column":8},"end":{"line":18,"column":31}},"13":{"start":{"line":19,"column":8},"end":{"line":19,"column":31}},"14":{"start":{"line":21,"column":8},"end":{"line":21,"column":33}},"15":{"start":{"line":22,"column":8},"end":{"line":22,"column":39}},"16":{"start":{"line":23,"column":8},"end":{"line":23,"column":40}},"17":{"start":{"line":24,"column":8},"end":{"line":24,"column":65}},"18":{"start":{"line":27,"column":4},"end":{"line":50,"column":6}},"19":{"start":{"line":28,"column":23},"end":{"line":28,"column":73}},"20":{"start":{"line":30,"column":8},"end":{"line":30,"column":38}},"21":{"start":{"line":32,"column":22},"end":{"line":32,"column":39}},"22":{"start":{"line":34,"column":8},"end":{"line":34,"column":40}},"23":{"start":{"line":36,"column":23},"end":{"line":36,"column":28}},"24":{"start":{"line":38,"column":8},"end":{"line":38,"column":40}},"25":{"start":{"line":39,"column":8},"end":{"line":39,"column":46}},"26":{"start":{"line":40,"column":8},"end":{"line":40,"column":42}},"27":{"start":{"line":41,"column":8},"end":{"line":41,"column":34}},"28":{"start":{"line":43,"column":22},"end":{"line":43,"column":67}},"29":{"start":{"line":45,"column":8},"end":{"line":45,"column":32}},"30":{"start":{"line":47,"column":21},"end":{"line":47,"column":45}},"31":{"start":{"line":49,"column":8},"end":{"line":49,"column":29}},"32":{"start":{"line":52,"column":4},"end":{"line":61,"column":6}},"33":{"start":{"line":53,"column":8},"end":{"line":60,"column":9}},"34":{"start":{"line":55,"column":27},"end":{"line":55,"column":82}},"35":{"start":{"line":58,"column":12},"end":{"line":58,"column":34}},"36":{"start":{"line":59,"column":12},"end":{"line":59,"column":71}},"37":{"start":{"line":62,"column":4},"end":{"line":71,"column":6}},"38":{"start":{"line":63,"column":8},"end":{"line":70,"column":9}},"39":{"start":{"line":65,"column":27},"end":{"line":65,"column":74}},"40":{"start":{"line":68,"column":12},"end":{"line":68,"column":34}},"41":{"start":{"line":69,"column":12},"end":{"line":69,"column":64}},"42":{"start":{"line":75,"column":4},"end":{"line":89,"column":6}},"43":{"start":{"line":76,"column":8},"end":{"line":76,"column":73}},"44":{"start":{"line":76,"column":25},"end":{"line":76,"column":72}},"45":{"start":{"line":78,"column":8},"end":{"line":88,"column":10}},"46":{"start":{"line":79,"column":12},"end":{"line":87,"column":13}},"47":{"start":{"line":80,"column":16},"end":{"line":80,"column":66}},"48":{"start":{"line":83,"column":16},"end":{"line":83,"column":38}},"49":{"start":{"line":85,"column":16},"end":{"line":85,"column":56}},"50":{"start":{"line":86,"column":16},"end":{"line":86,"column":90}},"51":{"start":{"line":91,"column":4},"end":{"line":91,"column":59}},"52":{"start":{"line":91,"column":21},"end":{"line":91,"column":57}},"53":{"start":{"line":93,"column":4},"end":{"line":93,"column":30}}},"fnMap":{"0":{"name":"(anonymous_0)","decl":{"start":{"line":12,"column":34},"end":{"line":12,"column":35}},"loc":{"start":{"line":12,"column":40},"end":{"line":94,"column":1}},"line":12},"1":{"name":"(anonymous_1)","decl":{"start":{"line":13,"column":11},"end":{"line":13,"column":12}},"loc":{"start":{"line":13,"column":17},"end":{"line":13,"column":46}},"line":13},"2":{"name":"(anonymous_2)","decl":{"start":{"line":17,"column":15},"end":{"line":17,"column":16}},"loc":{"start":{"line":17,"column":27},"end":{"line":25,"column":5}},"line":17},"3":{"name":"(anonymous_3)","decl":{"start":{"line":27,"column":39},"end":{"line":27,"column":40}},"loc":{"start":{"line":27,"column":51},"end":{"line":50,"column":5}},"line":27},"4":{"name":"(anonymous_4)","decl":{"start":{"line":52,"column":42},"end":{"line":52,"column":43}},"loc":{"start":{"line":52,"column":54},"end":{"line":61,"column":5}},"line":52},"5":{"name":"(anonymous_5)","decl":{"start":{"line":62,"column":42},"end":{"line":62,"column":43}},"loc":{"start":{"line":62,"column":54},"end":{"line":71,"column":5}},"line":62},"6":{"name":"(anonymous_6)","decl":{"start":{"line":75,"column":41},"end":{"line":75,"column":42}},"loc":{"start":{"line":75,"column":47},"end":{"line":89,"column":5}},"line":75},"7":{"name":"(anonymous_7)","decl":{"start":{"line":76,"column":19},"end":{"line":76,"column":20}},"loc":{"start":{"line":76,"column":25},"end":{"line":76,"column":72}},"line":76},"8":{"name":"(anonymous_8)","decl":{"start":{"line":78,"column":65},"end":{"line":78,"column":66}},"loc":{"start":{"line":78,"column":77},"end":{"line":88,"column":9}},"line":78},"9":{"name":"(anonymous_9)","decl":{"start":{"line":91,"column":14},"end":{"line":91,"column":15}},"loc":{"start":{"line":91,"column":19},"end":{"line":91,"column":58}},"line":91}},"branchMap":{},"s":{"0":1,"1":1,"2":1,"3":1,"4":1,"5":1,"6":1,"7":1,"8":1,"9":1,"10":1,"11":1,"12":4,"13":4,"14":4,"15":4,"16":4,"17":4,"18":1,"19":1,"20":1,"21":1,"22":1,"23":1,"24":1,"25":1,"26":1,"27":1,"28":1,"29":1,"30":1,"31":1,"32":1,"33":1,"34":1,"35":1,"36":1,"37":1,"38":1,"39":1,"40":1,"41":1,"42":1,"43":1,"44":1,"45":1,"46":1,"47":1,"48":1,"49":1,"50":1,"51":1,"52":4,"53":1},"f":{"0":1,"1":1,"2":4,"3":1,"4":1,"5":1,"6":1,"7":1,"8":1,"9":4},"b":{},"_coverageSchema":"1a1c01bbd47fc00a2c39e90264f33305004495a9","hash":"b1dff4ee35b58ee61e1399bf937367e8caa15467","contentHash":"6cbad7238ff3b38d82fadc3657819fe21cf924f101a145fd04ea83f5f97c541c"},"C:\\Users\\polpe\\Desktop\\escritorio\\work\\Project-ZeroXVisuals\\API\\ZeroXVisuals-server-logic\\register-user.js":{"path":"C:\\Users\\polpe\\Desktop\\escritorio\\work\\Project-ZeroXVisuals\\API\\ZeroXVisuals-server-logic\\register-user.js","statementMap":
[...]
3,"10":3,"11":3,"12":3,"13":2,"14":2,"15":2,"16":1,"17":1,"18":1,"19":1,"20":1,"21":0,"22":1},"f":{"0":4,"1":2},"b":{"0":[1,1]},"_coverageSchema":"1a1c01bbd47fc00a2c39e90264f33305004495a9","hash":"43f531cf064afe8af62766cfd3bb409c8eb8f7fc","contentHash":"7319a2039c8269a041a259b8da163432e7585626d1e7b023bd2e53843483d506"},"C:\\Users\\polpe\\Desktop\\escritorio\\work\\Project-ZeroXVisuals\\API\\ZeroXVisuals-server-logic\\retrieve-user.spec.js":{"path":"C:\\Users\\polpe\\Desktop\\escritorio\\work\\Project-ZeroXVisuals\\API\\ZeroXVisuals-server-logic\\retrieve-user.spec.js","statementMap":{"0":{"start":{"line":1,"column":0},"end":{"line":1,"column":26}},"1":{"start":{"line":3,"column":51},"end":{"line":3,"column":58}},"2":{"start":{"line":5,"column":20},"end":{"line":5,"column":46}},"3":{"start":{"line":6,"column":19},"end":{"line":6,"column":23}},"4":{"start":{"line":7,"column":19},"end":{"line":7,"column":34}},"5":{"start":{"line":8,"column":0},"end":{"line":8,"column":46}},"6":{"start":{"line":9,"column":39},"end":{"line":9,"column":67}},"7":{"start":{"line":10,"column":15},"end":{"line":10,"column":34}},"8":{"start":{"line":12,"column":0},"end":{"line":59,"column":2}},"9":{"start":{"line":13,"column":4},"end":{"line":13,"column":47}},"10":{"start":{"line":13,"column":17},"end":{"line":13,"column":46}},"11":{"start":{"line":15,"column":19},"end":{"line":15,"column":45}},"12":{"start":{"line":18,"column":4},"end":{"line":31,"column":6}},"13":{"start":{"line":19,"column":8},"end":{"line":19,"column":31}},"14":{"start":{"line":21,"column":8},"end":{"line":21,"column":33}},"15":{"start":{"line":22,"column":8},"end":{"line":22,"column":39}},"16":{"start":{"line":23,"column":8},"end":{"line":23,"column":40}},"17":{"start":{"line":24,"column":8},"end":{"line":24,"column":76}},"18":{"start":{"line":26,"column":21},"end":{"line":26,"column":52}},"19":{"start":{"line":28,"column":8},"end":{"line":28,"column":72}},"20":{"start":{"line":30,"column":8},"end":{"line":30,"column":24}},"21":{"start":{"line":33,"column":4},"end":{"line":40,"column":6}},"22":{"start":{"line":34,"column":23},"end":{"line":34,"column":48}},"23":{"start":{"line":36,"column":8},"end":{"line":36,"column":31}},"24":{"start":{"line":37,"column":8},"end":{"line":37,"column":50}},"25":{"start":{"line":38,"column":8},"end":{"line":38,"column":56}},"26":{"start":{"line":39,"column":8},"end":{"line":39,"column":52}},"27":{"start":{"line":42,"column":4},"end":{"line":54,"column":6}},"28":{"start":{"line":43,"column":8},"end":{"line":50,"column":14}},"29":{"start":{"line":46,"column":16},"end":{"line":46,"column":38}},"30":{"start":{"line":49,"column":16},"end":{"line":49,"column":88}},"31":{"start":{"line":56,"column":4},"end":{"line":56,"column":38}},"32":{"start":{"line":56,"column":20},"end":{"line":56,"column":37}},"33":{"start":{"line":58,"column":4},"end":{"line":58,"column":30}}},"fnMap":{"0":{"name":"(anonymous_0)","decl":{"start":{"line":12,"column":34},"end":{"line":12,"column":35}},"loc":{"start":{"line":12,"column":40},"end":{"line":59,"column":1}},"line":12},"1":{"name":"(anonymous_1)","decl":{"start":{"line":13,"column":11},"end":{"line":13,"column":12}},"loc":{"start":{"line":13,"column":17},"end":{"line":13,"column":46}},"line":13},"2":{"name":"(anonymous_2)","decl":{"start":{"line":18,"column":15},"end":{"line":18,"column":16}},"loc":{"start":{"line":18,"column":27},"end":{"line":31,"column":5}},"line":18},"3":{"name":"(anonymous_3)","decl":{"start":{"line":33,"column":43},"end":{"line":33,"column":44}},"loc":{"start":{"line":33,"column":55},"end":{"line":40,"column":5}},"line":33},"4":{"name":"(anonymous_4)","decl":{"start":{"line":42,"column":40},"end":{"line":42,"column":41}},"loc":{"start":{"line":42,"column":52},"end":{"line":54,"column":5}},"line":42},"5":{"name":"(anonymous_5)","decl":{"start":{"line":45,"column":20},"end":{"line":45,"column":21}},"loc":{"start":{"line":45,"column":29},"end":{"line":50,"column":13}},"line":45},"6":{"name":"(anonymous_6)","decl":{"start":{"line":56,"column":14},"end":{"line":56,"column":15}},"loc":{"start":{"line":56,"column":20},"end":{"line":56,"column":37}},"line":56}},"branchMap":{},"s":{"0":1,"1":1,"2":1,"3":1,"4":1,"5":1,"6":1,"7":1,"8":1,"9":1,"10":1,"11":1,"12":1,"13":2,"14":2,"15":2,"16":2,"17":2,"18":2,"19":2,"20":2,"21":1,"22":1,"23":1,"24":1,"25":1,"26":1,"27":1,"28":1,"29":1,"30":1,"31":1,"32":2,"33":1},"f":{"0":1,"1":1,"2":2,"3":1,"4":1,"5":1,"6":2},"b":{},"_coverageSchema":"1a1c01bbd47fc00a2c39e90264f33305004495a9","hash":"b4004f3871665607a3a1ab8d4b7725947e161bd9","contentHash":"a6c91bb4e8d69d3b9aa60c591a87edc2b01e95671941d5f26d1532023f536a4f"},"C:\\Users\\polpe\\Desktop\\escritorio\\work\\Project-ZeroXVisuals\\API\\ZeroXVisuals-server-logic\\retrieve-user.js":{"path":"C:\\Users\\polpe\\Desktop\\escritorio\\work\\Project-ZeroXVisuals\\API\\ZeroXVisuals-server-logic\\retrieve-user.js","statementMap":{"0":{"start":{"line":10,"column":0},"end":{"line":10,"column":48}},"1":{"start":{"line":11,"column":0},"end":{"line":11,"column":46}},"2":{"start":{"line":12,"column":41},"end":{"line":12,"column":72}},"3":{"start":{"line":13,"column":29},"end":{"line":13,"column":57}},"4":{"start":{"line":15,"column":0},"end":{"line":30,"column":1}},"5":{"start":{"line":17,"column":4},"end":{"line":17,"column":35}},"6":{"start":{"line":19,"column":4},"end":{"line":29,"column":8}},"7":{"start":{"line":23,"column":8},"end":{"line":23,"column":74}},"8":{"start":{"line":25,"column":8},"end":{"line":25,"column":83}},"9":{"start":{"line":25,"column":18},"end":{"line":25,"column":83}},"10":{"start":{"line":27,"column":8},"end":{"line":27,"column":19}}},"fnMap":{"0":{"name":"(anonymous_0)","decl":{"start":{"line":15,"column":17},"end":{"line":15,"column":18}},"loc":{"start":{"line":15,"column":29},"end":{"line":30,"column":1}},"line":15},"1":{"name":"(anonymous_1)","decl":{"start":{"line":19,"column":12},"end":{"line":19,"column":13}},"loc":{"start":{"line":19,"column":24},"end":{"line":29,"column":5}},"line":19}},"branchMap":{"0":{"loc":{"start":{"line":25,"column":8},"end":{"line":25,"column":83}},"type":"if","locations":[{"start":{"line":25,"column":8},"end":{"line":25,"column":83}},{"start":{"line":25,"column":8},"end":{"line":25,"column":83}}],"line":25}},"s":{"0":1,"1":1,"2":1,"3":1,"4":1,"5":2,"6":2,"7":2,"8":2,"9":1,"10":1},"f":{"0":2,"1":2},"b":{"0":[1,1]},"_coverageSchema":"1a1c01bbd47fc00a2c39e90264f33305004495a9","hash":"f948d3188e01ef45e638b17f54ad39624a7bd80d","contentHash":"c4743bca4859c7295a1872cf0ce8e2d61a5fcc19b11c5098daa2928f51421555"},"C:\\Users\\polpe\\Desktop\\escritorio\\work\\Project-ZeroXVisuals\\API\\ZeroXVisuals-server-logic\\update-user.spec.js":{"path":"C:\\Users\\polpe\\Desktop\\escritorio\\work\\Project-ZeroXVisuals\\API\\ZeroXVisuals-server-logic\\update-user.spec.js","statementMap":{"0":{"start":{"line":1,"column":0},"end":{"line":1,"column":26}},"1":{"start":{"line":3,"column":96},"end":{"line":3,"column":103}},"2":{"start":{"line":5,"column":19},"end":{"line":5,"column":43}},"3":{"start":{"line":6,"column":19},"end":{"line":6,"column":23}},"4":{"start":{"line":7,"column":19},"end":{"line":7,"column":34}},"5":{"start":{"line":8,"column":0},"end":{"line":8,"column":46}},"6":{"start":{"line":9,"column":61},"end":{"line":9,"column":89}},"7":{"start":{"line":11,"column":0},"end":{"line":144,"column":2}},"8":{"start":{"line":12,"column":4},"end":{"line":12,"column":47}},"9":{"start":{"line":12,"column":17},"end":{"line":12,"column":46}},"10":{"start":{"line":16,"column":4},"end":{"line":32,"column":6}},"11":{"start":{"line":17,"column":8},"end":{"line":17,"column":31}},"12":{"start":{"line":19,"column":8},"end":{"line":19,"column":33}},"13":{"start":{"line":20,"column":8},"end":{"line":20,"column":39}},"14":{"start":{"line":21,"column":8},"end":{"line":21,"column":40}},"15":{"start":{"line":22,"column":8},"end":{"line":22,"column":41}},"16":{"start":{"line":24,"column":8},"end":{"line":24,"column":47}},"17":{"start":{"line":25,"column":8},"end":{"line":25,"column":52}},"18":{"start":{"line":27,"column":8},"end":{"line":30,"column":9}},"19":{"start":{"line":34,"column":4},"end":{"line":125,"column":6}},"20":{"start":{"line":35,"column":8},"end":{"line":38,"column":10}},"21":{"start":{"line":36,"column":25},"end":{"line":36,"column":76}},"22":{"start":{"line":37,"column":12},"end":{"line":37,"column":28}},"23":{"start":{"line":40,"column":8},"end":{"line":59,"column":10}},"24":{"start":{"line":44,"column":26},"end":{"line":44,"column":53}},"25":{"start":{"line":45,"column":12},"end":{"line":45,"column":36}},"26":{"start":{"line":46,"column":12},"end":{"line":46,"column":50}},"27":{"start":{"line":47,"column":12},"end":{"line":47,"column":56}},"28":{"start":{"line":48,"column":12},"end":{"line":48,"column":52}},"29":{"start":{"line":50,"column":12},"end":{"line":50,"column":42}},"30":{"start":{"line":54,"column":12},"end":{"line":54,"column":49}},"31":{"start":{"line":55,"column":12},"end":{"line":55,"column":36}},"32":{"start":{"line":56,"column":12},"end":{"line":56,"column":57}},"33":{"start":{"line":57,"column":12},"end":{"line":57,"column":63}},"34":{"start":{"line":58,"column":12},"end":{"line":58,"column":52}},"35":{"start":{"line":61,"column":8},"end":{"line":82,"column":10}},"36":{"start":{"line":63,"column":29},"end":{"line":66,"column":13}},"37":{"start":{"line":70,"column":26},"end":{"line":70,"column":53}},"38":{"start":{"line":71,"column":12},"end":{"line":71,"column":36}},"39":{"start":{"line":72,"column":12},"end":{"line":72,"column":50}},"40":{"start":{"line":73,"column":12},"end":{"line":73,"column":56}},"41":{"start":{"line":74,"column":12},"end":{"line":74,"column":52}},"42":{"start":{"line":76,"column":12},"end":{"line":80,"column":18}},"43":{"start":{"line":78,"column":20},"end":{"line":78,"column":42}},"44":{"start":{"line":79,"column":20},"end":{"line":79,"column":89}},"45":{"start":{"line":83,"column":8},"end":{"line":103,"column":10}},"46":{"start":{"line":85,"column":29},"end":{"line":87,"column":13}},"47":{"start":{"line":91,"column":26},"end":{"line":91,"column":53}},"48":{"start":{"line":92,"column":12},"end":{"line":92,"column":36}},"49":{"start":{"line":93,"column":12},"end":{"line":93,"column":50}},"50":{"start":{"line":94,"column":12},"end":{"line":94,"column":56}},"51":{"start":{"line":95,"column":12},"end":{"line":95,"column":52}},"52":{"start":{"line":97,"column":12},"end":{"line":101,"column":18}},"53":{"start":{"line":99,"column":20},"end":{"line":99,"column":42}},"54":{"start":{"line":100,"column":20},"end":{"line":100,"column":81}},"55":{"start":{"line":104,"column":8},"end":{"line":124,"column":10}},"56":{"start":{"line":106,"column":29},"end":{"line":108,"column":13}},"57":{"start":{"line":112,"column":26},"end":{"line":112,"column":53}},"58":{"start":{"line":113,"column":12},"end":{"line":113,"column":36}},"59":{"start":{"line":114,"column":12},"end":{"line":114,"column":50}},"60":{"start":{"line":115,"column":12},"end":{"line":115,"column":56}},"61":{"start":{"line":116,"column":12},"end":{"line":116,"column":52}},"62":{"start":{"line":118,"column":12},"end":{"line":122,"column":18}},"63":{"start":{"line":120,"column":20},"end":{"line":120,"column":42}},"64":{"start":{"line":121,"column":20},"end":{"line":121,"column":81}},"65":{"start":{"line":127,"column":4},"end":{"line":139,"column":6}},"66":{"start":{"line":129,"column":8},"end":{"line":131,"column":10}},"67":{"start":{"line":130,"column":12},"end":{"line":130,"column":47}},"68":{"start":{"line":132,"column":8},"end":{"line":138,"column":10}},"69":{"start":{"line":133,"column":12},"end":{"line":137,"column":18}},"70":{"start":{"line":135,"column":20},"end":{"line":135,"column":42}},"71":{"start":{"line":136,"column":20},"end":{"line":136,"column":91}},"72":{"start":{"line":141,"column":4},"end":{"line":141,"column":38}},"73":{"start":{"line":141,"column":20},"end":{"line":141,"column":37}},"74":{"start":{"line":143,"column":4},"end":{"line":143,"column":30}}},"fnMap":{"0":{"name":"(anonymous_0)","decl":{"start":{"line":11,"column":32},"end":{"line":11,"column":33}},"loc":{"start":{"line":11,"column":38},"end":{"line":144,"column":1}},"line":11},"1":{"name":"(anonymous_1)","decl":{"start":{"line":12,"column":11},"end":{"line":12,"column":12}},"loc":{"start":{"line":12,"column":17},"end":{"line":12,"column":46}},"line":12},"2":{"name":"(anonymous_2)","decl":{"start":{"line":16,"column":15},"end":{"line":16,"column":16}},"loc":{"start":{"line":16,"column":27},"end":{"line":32,"column":5}},"line":16},"3":{"name":"(anonymous_3)","decl":{"start":{"line":34,"column":28},"end":{"line":34,"column":29}},"loc":{"start":{"line":34,"column":34},"end":{"line":125,"column":5}},"line":34},"4":{"name":"(anonymous_4)","decl":{"start":{"line":35,"column":19},"end":{"line":35,"column":20}},"loc":{"start":{"line":35,"column":31},"end":{"line":38,"column":9}},"line":35},"5":{"name":"(anonymous_5)","decl":{"start":{"line":40,"column":46},"end":{"line":40,"column":47}},"loc":{"start":{"line":40,"column":58},"end":{"line":59,"column":9}},"line":40},"6":{"name":"(anonymous_6)","decl":{"start":{"line":61,"column":57},"end":{"line":61,"column":58}},"loc":{"start":{"line":61,"column":68},"end":{"line":82,"column":9}},"line":61},"7":{"name":"(anonymous_7)","decl":{"start":{"line":77,"column":23},"end":{"line":77,"column":24}},"loc":{"start":{"line":77,"column":32},"end":{"line":80,"column":17}},"line":77},"8":{"name":"(anonymous_8)","decl":{"start":{"line":83,"column":56},"end":{"line":83,"column":57}},"loc":{"start":{"line":83,"column":67},"end":{"line":103,"column":9}},"line":83},"9":{"name":"(anonymous_9)","decl":{"start":{"line":98,"column":23},"end":{"line":98,"column":24}},"loc":{"start":{"line":98,"column":32},"end":{"line":101,"column":17}},"line":98},"10":{"name":"(anonymous_10)","decl":{"start":{"line":104,"column":57},"end":{"line":104,"column":58}},"loc":{"start":{"line":104,"column":68},"end":{"line":124,"column":9}},"line":104},"11":{"name":"(anonymous_11)","decl":{"start":{"line":119,"column":23},"end":{"line":119,"column":24}},"loc":{"start":{"line":119,"column":32},"end":{"line":122,"column":17}},"line":119},"12":{"name":"(anonymous_12)","decl":{"start":{"line":127,"column":32},"end":{"line":127,"column":33}},"loc":{"start":{"line":127,"column":38},"end":{"line":139,"column":5}},"line":127},"13":{"name":"(anonymous_13)","decl":{"start":{"line":129,"column":19},"end":{"line":129,"column":20}},"loc":{"start":{"line":129,"column":30},"end":{"line":131,"column":9}},"line":129},"14":{"name":"(anonymous_14)","decl":{"start":{"line":132,"column":44},"end":{"line":132,"column":45}},"loc":{"start":{"line":132,"column":56},"end":{"line":138,"column":9}},"line":132},"15":{"name":"(anonymous_15)","decl":{"start":{"line":134,"column":24},"end":{"line":134,"column":25}},"loc":{"start":{"line":134,"column":33},"end":{"line":137,"column":17}},"line":134},"16":{"name":"(anonymous_16)","decl":{"start":{"line":141,"column":14},"end":{"line":141,"column":15}},"loc":{"start":{"line":141,"column":20},"end":{"line":141,"column":37}},"line":141}},"branchMap":{},"s":{"0":1,"1":1,"2":1,"3":1,"4":1,"5":1,"6":1,"7":1,"8":1,"9":1,"10":1,"11":5,"12":5,"13":5,"14":5,"15":5,"16":5,"17":5,"18":5,"19":1,"20":1,"21":4,"22":4,"23":1,"24":1,"25":1,"26":1,"27":1,"28":1,"29":1,"30":1,"31":1,"32":1,"33":1,"34":1,"35":1,"36":1,"37":1,"38":1,"39":1,"40":1,"41":1,"42":1,"43":1,"44":1,"45":1,"46":1,"47":1,"48":1,"49":1,"50":1,"51":1,"52":1,"53":1,"54":1,"55":1,"56":1,"57":1,"58":1,"59":1,"60":1,"61":1,"62":1,"63":1,"64":1,"65":1,"66":1,"67":1,"68":1,"69":1,"70":1,"71":1,"72":1,"73":5,"74":1},"f":{"0":1,"1":1,"2":5,"3":1,"4":4,"5":1,"6":1,"7":1,"8":1,"9":1,"10":1,"11":1,"12":1,"13":1,"14":1,"15":1,"16":5},"b":{},"_coverageSchema":"1a1c01bbd47fc00a2c39e90264f33305004495a9","hash":"e281ce6517749a63738c8cf6f485abd8253ef40b","contentHash":"89ac425c8364cdf1685c3b443cd579fd907808f44f389949006f1291d69c2010"},"C:\\Users\\polpe\\Desktop\\escritorio\\work\\Project-ZeroXVisuals\\API\\ZeroXVisuals-server-logic\\update-user.js":{"path":"C:\\Users\\polpe\\Desktop\\escritorio\\work\\Project-ZeroXVisuals\\API\\ZeroXVisuals-server-logic\\update-user.js","statementMap":{"0":{"start":{"line":12,"column":0},"end":{"line":12,"column":48}},"1":{"start":{"line":13,"column":0},"end":{"line":13,"column":46}},"2":{"start":{"line":14,"column":57},"end":{"line":14,"column":88}},"3":{"start":{"line":15,"column":39},"end":{"line":15,"column":67}},"4":{"start":{"line":19,"column":0},"end":{"line":59,"column":1}},"5":{"start":{"line":21,"column":4},"end":{"line":21,"column":35}},"6":{"start":{"line":23,"column":4},"end":{"line":58,"column":8}},"7":{"start":{"line":25,"column":26},"end":{"line":25,"column":31}},"8":{"start":{"line":27,"column":21},"end":{"line":27,"column":73}},"9":{"start":{"line":28,"column":8},"end":{"line":28,"column":83}},"10":{"start":{"line":28,"column":19},"end":{"line":28,"column":83}},"11":{"start":{"line":30,"column":8},"end":{"line":55,"column":9}},"12":{"start":{"line":31,"column":12},"end":{"line":31,"column":31}},"13":{"start":{"line":32,"column":12},"end":{"line":51,"column":13}},"14":{"start":{"line":33,"column":16},"end":{"line":50,"column":17}},"15":{"start":{"line":34,"column":20},"end":{"line":47,"column":21}},"16":{"start":{"line":36,"column":28},"end":{"line":36,"column":60}},"17":{"start":{"line":37,"column":28},"end":{"line":37,"column":34}},"18":{"start":{"line":40,"column":28},"end":{"line":40,"column":60}},"19":{"start":{"line":41,"column":28},"end":{"line":41,"column":34}},"20":{"start":{"line":44,"column":28},"end":{"line":44,"column":60}},"21":{"start":{"line":45,"column":28},"end":{"line":45,"column":51}},"22":{"start":{"line":46,"column":28},"end":{"line":46,"column":34}},"23":{"start":{"line":48,"column":20},"end":{"line":48,"column":38}},"24":{"start":{"line":49,"column":20},"end":{"line":49,"column":37}},"25":{"start":{"line":52,"column":12},"end":{"line":54,"column":13}},"26":{"start":{"line":53,"column":16},"end":{"line":53,"column":77}},"27":{"start":{"line":56,"column":8},"end":{"line":56,"column":25}}},"fnMap":{"0":{"name":"(anonymous_0)","decl":{"start":{"line":19,"column":17},"end":{"line":19,"column":18}},"loc":{"start":{"line":19,"column":35},"end":{"line":59,"column":1}},"line":19},"1":{"name":"(anonymous_1)","decl":{"start":{"line":23,"column":12},"end":{"line":23,"column":13}},"loc":{"start":{"line":23,"column":24},"end":{"line":58,"column":5}},"line":23}},"branchMap":{"0":{"loc":{"start":{"line":28,"column":8},"end":{"line":28,"column":83}},"type":"if","locations":[{"start":{"line":28,"column":8},"end":{"line":28,"column":83}},{"start":{"line":28,"column":8},"end":{"line":28,"column":83}}],"line":28},"1":{"loc":{"start":{"line":33,"column":16},"end":{"line":50,"column":17}},"type":"if","locations":[{"start":{"line":33,"column":16},"end":{"line":50,"column":17}},{"start":{"line":33,"column":16},"end":{"line":50,"column":17}}],"line":33},"2":{"loc":{"start":{"line":34,"column":20},"end":{"line":47,"column":21}},"type":"switch","locations":[{"start":{"line":35,"column":24},"end":{"line":37,"column":34}},{"start":{"line":39,"column":24},"end":{"line":41,"column":34}},{"start":{"line":43,"column":24},"end":{"line":46,"column":34}}],"line":34},"3":{"loc":{"start":{"line":52,"column":12},"end":{"line":54,"column":13}},"type":"if","locations":[{"start":{"line":52,"column":12},"end":{"line":54,"column":13}},{"start":{"line":52,"column":12},"end":{"line":54,"column":13}}],"line":52}},"s":{"0":1,"1":1,"2":1,"3":1,"4":1,"5":5,"6":5,"7":5,"8":5,"9":5,"10":1,"11":4,"12":5,"13":5,"14":325,"15":4,"16":2,"17":1,"18":1,"19":1,"20":1,"21":1,"22":0,"23":2,"24":2,"25":3,"26":1,"27":1},"f":{"0":5,"1":5},"b":{"0":[1,4],"1":[4,321],"2":[2,1,1],"3":[1,2]},"_coverageSchema":"1a1c01bbd47fc00a2c39e90264f33305004495a9","hash":"6808b0a0fd9a6e7794aab7964044f2195ba3eaa2","contentHash":"a4f846301c8115a9058d016c314ae701517963e512c05110db6e16ffd9ccf434"}}